<?xml version="1.0" encoding="UTF-8"?>
<testng-results ignored="0" total="104" passed="101" failed="3" skipped="0">
  <reporter-output>
  </reporter-output>
  <suite started-at="2024-01-07T18:29:50 IST" name="DMS Application" finished-at="2024-01-07T19:12:17 IST" duration-ms="2547588">
    <groups>
    </groups>
    <test started-at="2024-01-07T18:29:50 IST" name="DMS App Test" finished-at="2024-01-07T19:12:17 IST" duration-ms="2547588">
      <class name="com.DMS.testCases.TC_001_loginTest_Positive">
        <test-method is-config="true" signature="setup(java.lang.String)[pri:0, instance:com.DMS.testCases.TC_001_loginTest_Positive@5a5a729f]" started-at="2024-01-07T18:30:17 IST" name="setup" finished-at="2024-01-07T18:30:27 IST" duration-ms="10044" status="PASS">
          <params>
            <param index="0">
              <value>
                <![CDATA[chrome]]>
              </value>
            </param>
          </params>
          <reporter-output>
          </reporter-output>
        </test-method> <!-- setup -->
        <test-method signature="loginWithValidCredentials()[pri:1, instance:com.DMS.testCases.TC_001_loginTest_Positive@5a5a729f]" started-at="2024-01-07T18:30:27 IST" name="loginWithValidCredentials" description="Login with valid credentials" finished-at="2024-01-07T18:30:36 IST" duration-ms="9020" status="PASS">
          <reporter-output>
          </reporter-output>
        </test-method> <!-- loginWithValidCredentials -->
        <test-method is-config="true" signature="tearDown()[pri:0, instance:com.DMS.testCases.TC_001_loginTest_Positive@5a5a729f]" started-at="2024-01-07T18:30:36 IST" name="tearDown" finished-at="2024-01-07T18:30:39 IST" duration-ms="3020" status="PASS">
          <reporter-output>
          </reporter-output>
        </test-method> <!-- tearDown -->
      </class> <!-- com.DMS.testCases.TC_001_loginTest_Positive -->
      <class name="com.DMS.testCases.TC_003_ForgotPassword">
        <test-method is-config="true" signature="setup(java.lang.String)[pri:0, instance:com.DMS.testCases.TC_003_ForgotPassword@821330f]" started-at="2024-01-07T18:30:52 IST" name="setup" finished-at="2024-01-07T18:31:02 IST" duration-ms="9930" status="PASS">
          <params>
            <param index="0">
              <value>
                <![CDATA[chrome]]>
              </value>
            </param>
          </params>
          <reporter-output>
          </reporter-output>
        </test-method> <!-- setup -->
        <test-method signature="forgotPassword()[pri:0, instance:com.DMS.testCases.TC_003_ForgotPassword@821330f]" started-at="2024-01-07T18:31:02 IST" name="forgotPassword" description="Forgot Password" finished-at="2024-01-07T18:31:12 IST" duration-ms="9934" status="PASS">
          <reporter-output>
          </reporter-output>
        </test-method> <!-- forgotPassword -->
        <test-method is-config="true" signature="tearDown()[pri:0, instance:com.DMS.testCases.TC_003_ForgotPassword@821330f]" started-at="2024-01-07T18:31:12 IST" name="tearDown" finished-at="2024-01-07T18:31:13 IST" duration-ms="819" status="PASS">
          <reporter-output>
          </reporter-output>
        </test-method> <!-- tearDown -->
      </class> <!-- com.DMS.testCases.TC_003_ForgotPassword -->
      <class name="com.DMS.testCases.TC_004_Profile">
        <test-method is-config="true" signature="setup(java.lang.String)[pri:0, instance:com.DMS.testCases.TC_004_Profile@6f43c82]" started-at="2024-01-07T18:31:13 IST" name="setup" finished-at="2024-01-07T18:31:22 IST" duration-ms="9148" status="PASS">
          <params>
            <param index="0">
              <value>
                <![CDATA[chrome]]>
              </value>
            </param>
          </params>
          <reporter-output>
          </reporter-output>
        </test-method> <!-- setup -->
        <test-method signature="changePassword_DMS_Account()[pri:1, instance:com.DMS.testCases.TC_004_Profile@6f43c82]" started-at="2024-01-07T18:31:22 IST" name="changePassword_DMS_Account" description="Change password for DMS account" finished-at="2024-01-07T18:31:42 IST" duration-ms="20023" status="PASS">
          <reporter-output>
          </reporter-output>
        </test-method> <!-- changePassword_DMS_Account -->
        <test-method signature="createDigiSign()[pri:2, instance:com.DMS.testCases.TC_004_Profile@6f43c82]" started-at="2024-01-07T18:31:42 IST" name="createDigiSign" description="Create digi sign password" finished-at="2024-01-07T18:32:05 IST" duration-ms="22486" status="PASS">
          <reporter-output>
          </reporter-output>
        </test-method> <!-- createDigiSign -->
        <test-method signature="updatePasswordForDigiSign()[pri:3, instance:com.DMS.testCases.TC_004_Profile@6f43c82]" started-at="2024-01-07T18:32:05 IST" name="updatePasswordForDigiSign" description="Update digi sign password" finished-at="2024-01-07T18:32:22 IST" duration-ms="17597" status="PASS">
          <reporter-output>
          </reporter-output>
        </test-method> <!-- updatePasswordForDigiSign -->
        <test-method signature="forgotDigiSignPassword()[pri:4, instance:com.DMS.testCases.TC_004_Profile@6f43c82]" started-at="2024-01-07T18:32:22 IST" name="forgotDigiSignPassword" description="Forgot digi sign password" finished-at="2024-01-07T18:32:34 IST" duration-ms="11093" status="PASS">
          <reporter-output>
          </reporter-output>
        </test-method> <!-- forgotDigiSignPassword -->
        <test-method is-config="true" signature="tearDown()[pri:0, instance:com.DMS.testCases.TC_004_Profile@6f43c82]" started-at="2024-01-07T18:32:34 IST" name="tearDown" finished-at="2024-01-07T18:32:36 IST" duration-ms="2642" status="PASS">
          <reporter-output>
          </reporter-output>
        </test-method> <!-- tearDown -->
      </class> <!-- com.DMS.testCases.TC_004_Profile -->
      <class name="com.DMS.testCases.TC_010_DocumentApprovals">
        <test-method signature="viewDocumet_Approval()[pri:1, instance:com.DMS.testCases.TC_010_DocumentApprovals@1be2019a]" started-at="2024-01-07T19:00:46 IST" name="viewDocumet_Approval" description="Approve the document" finished-at="2024-01-07T19:01:35 IST" duration-ms="49395" status="PASS">
          <reporter-output>
          </reporter-output>
        </test-method> <!-- viewDocumet_Approval -->
        <test-method signature="viewDocumet_Reject()[pri:2, instance:com.DMS.testCases.TC_010_DocumentApprovals@1be2019a]" started-at="2024-01-07T19:01:35 IST" name="viewDocumet_Reject" description="Reject the document" finished-at="2024-01-07T19:02:13 IST" duration-ms="37361" status="PASS">
          <reporter-output>
          </reporter-output>
        </test-method> <!-- viewDocumet_Reject -->
      </class> <!-- com.DMS.testCases.TC_010_DocumentApprovals -->
      <class name="com.DMS.testCases.TC_008_MyFiles">
        <test-method signature="mainFolderCreation()[pri:1, instance:com.DMS.testCases.TC_008_MyFiles@7857fe2]" started-at="2024-01-07T18:41:48 IST" name="mainFolderCreation" description="Main folder creation" finished-at="2024-01-07T18:42:06 IST" duration-ms="17880" status="PASS">
          <reporter-output>
          </reporter-output>
        </test-method> <!-- mainFolderCreation -->
        <test-method signature="MainFolderPermission()[pri:2, instance:com.DMS.testCases.TC_008_MyFiles@7857fe2]" started-at="2024-01-07T18:42:06 IST" name="MainFolderPermission" description="Set permissions to the folder" finished-at="2024-01-07T18:42:28 IST" duration-ms="22292" status="PASS">
          <reporter-output>
          </reporter-output>
        </test-method> <!-- MainFolderPermission -->
        <test-method signature="MainFolderShare()[pri:3, instance:com.DMS.testCases.TC_008_MyFiles@7857fe2]" started-at="2024-01-07T18:42:28 IST" name="MainFolderShare" description="Share the folder" finished-at="2024-01-07T18:42:49 IST" duration-ms="21267" status="PASS">
          <reporter-output>
          </reporter-output>
        </test-method> <!-- MainFolderShare -->
        <test-method signature="MainFolderDelete()[pri:4, instance:com.DMS.testCases.TC_008_MyFiles@7857fe2]" started-at="2024-01-07T18:42:49 IST" name="MainFolderDelete" description="Delete the folder" finished-at="2024-01-07T18:43:07 IST" duration-ms="17731" status="PASS">
          <reporter-output>
          </reporter-output>
        </test-method> <!-- MainFolderDelete -->
        <test-method signature="MainFolderArchive()[pri:5, instance:com.DMS.testCases.TC_008_MyFiles@7857fe2]" started-at="2024-01-07T18:43:07 IST" name="MainFolderArchive" description="Archive the folder" finished-at="2024-01-07T18:43:37 IST" duration-ms="29452" status="PASS">
          <reporter-output>
          </reporter-output>
        </test-method> <!-- MainFolderArchive -->
        <test-method signature="UploadDocument()[pri:6, instance:com.DMS.testCases.TC_008_MyFiles@7857fe2]" started-at="2024-01-07T18:43:37 IST" name="UploadDocument" description="Upload the document" finished-at="2024-01-07T18:45:01 IST" duration-ms="84701" status="PASS">
          <reporter-output>
          </reporter-output>
        </test-method> <!-- UploadDocument -->
        <test-method signature="PermissionDocument()[pri:7, instance:com.DMS.testCases.TC_008_MyFiles@7857fe2]" started-at="2024-01-07T18:45:01 IST" name="PermissionDocument" description="Add permissions to the document" finished-at="2024-01-07T18:45:19 IST" duration-ms="17180" status="PASS">
          <reporter-output>
          </reporter-output>
        </test-method> <!-- PermissionDocument -->
        <test-method signature="ShareDocument()[pri:8, instance:com.DMS.testCases.TC_008_MyFiles@7857fe2]" started-at="2024-01-07T18:45:19 IST" name="ShareDocument" description="Share the document" finished-at="2024-01-07T18:45:36 IST" duration-ms="17001" status="PASS">
          <reporter-output>
          </reporter-output>
        </test-method> <!-- ShareDocument -->
        <test-method signature="DeleteDocument()[pri:9, instance:com.DMS.testCases.TC_008_MyFiles@7857fe2]" started-at="2024-01-07T18:45:36 IST" name="DeleteDocument" description="Delete the document" finished-at="2024-01-07T18:45:48 IST" duration-ms="12476" status="PASS">
          <reporter-output>
          </reporter-output>
        </test-method> <!-- DeleteDocument -->
        <test-method signature="ArchiveDocument()[pri:10, instance:com.DMS.testCases.TC_008_MyFiles@7857fe2]" started-at="2024-01-07T18:45:48 IST" name="ArchiveDocument" description="Archive the document" finished-at="2024-01-07T18:46:05 IST" duration-ms="16521" status="PASS">
          <reporter-output>
          </reporter-output>
        </test-method> <!-- ArchiveDocument -->
        <test-method signature="addSignersToTheDocument()[pri:11, instance:com.DMS.testCases.TC_008_MyFiles@7857fe2]" started-at="2024-01-07T18:46:05 IST" name="addSignersToTheDocument" description="Add signers to the document" finished-at="2024-01-07T18:46:43 IST" duration-ms="38118" status="PASS">
          <reporter-output>
          </reporter-output>
        </test-method> <!-- addSignersToTheDocument -->
        <test-method signature="editSigners_Document()[pri:12, instance:com.DMS.testCases.TC_008_MyFiles@7857fe2]" started-at="2024-01-07T18:46:43 IST" name="editSigners_Document" description="Edit signers to the document" finished-at="2024-01-07T18:46:59 IST" duration-ms="16155" status="PASS">
          <reporter-output>
          </reporter-output>
        </test-method> <!-- editSigners_Document -->
        <test-method signature="signDocument()[pri:13, instance:com.DMS.testCases.TC_008_MyFiles@7857fe2]" started-at="2024-01-07T18:46:59 IST" name="signDocument" description="Sign the document" finished-at="2024-01-07T18:47:24 IST" duration-ms="25037" status="PASS">
          <reporter-output>
          </reporter-output>
        </test-method> <!-- signDocument -->
        <test-method signature="setApprover_Document()[pri:14, instance:com.DMS.testCases.TC_008_MyFiles@7857fe2]" started-at="2024-01-07T18:47:24 IST" name="setApprover_Document" description="Set approver to the document" finished-at="2024-01-07T18:47:37 IST" duration-ms="13008" status="PASS">
          <reporter-output>
          </reporter-output>
        </test-method> <!-- setApprover_Document -->
        <test-method signature="addNewVersion()[pri:15, instance:com.DMS.testCases.TC_008_MyFiles@7857fe2]" started-at="2024-01-07T18:47:37 IST" name="addNewVersion" description="Add new version" finished-at="2024-01-07T18:48:14 IST" duration-ms="37414" status="PASS">
          <reporter-output>
          </reporter-output>
        </test-method> <!-- addNewVersion -->
      </class> <!-- com.DMS.testCases.TC_008_MyFiles -->
      <class name="com.DMS.testCases.TC_002_loginTest_Negative">
        <test-method is-config="true" signature="setup(java.lang.String)[pri:0, instance:com.DMS.testCases.TC_002_loginTest_Negative@1b1cfb87]" started-at="2024-01-07T18:30:39 IST" name="setup" finished-at="2024-01-07T18:30:50 IST" duration-ms="10839" status="PASS">
          <params>
            <param index="0">
              <value>
                <![CDATA[chrome]]>
              </value>
            </param>
          </params>
          <reporter-output>
          </reporter-output>
        </test-method> <!-- setup -->
        <test-method signature="loginWithInvalidCredentials()[pri:1, instance:com.DMS.testCases.TC_002_loginTest_Negative@1b1cfb87]" started-at="2024-01-07T18:30:50 IST" name="loginWithInvalidCredentials" description="Login with invalid credentials" finished-at="2024-01-07T18:30:51 IST" duration-ms="1077" status="PASS">
          <reporter-output>
          </reporter-output>
        </test-method> <!-- loginWithInvalidCredentials -->
        <test-method is-config="true" signature="tearDown()[pri:0, instance:com.DMS.testCases.TC_002_loginTest_Negative@1b1cfb87]" started-at="2024-01-07T18:30:51 IST" name="tearDown" finished-at="2024-01-07T18:30:52 IST" duration-ms="1582" status="PASS">
          <reporter-output>
          </reporter-output>
        </test-method> <!-- tearDown -->
      </class> <!-- com.DMS.testCases.TC_002_loginTest_Negative -->
      <class name="com.DMS.testCases.TC_005_Users">
        <test-method is-config="true" signature="setup(java.lang.String)[pri:0, instance:com.DMS.testCases.TC_005_Users@5db6b9cd]" started-at="2024-01-07T18:29:51 IST" name="setup" finished-at="2024-01-07T18:30:15 IST" duration-ms="23747" status="PASS">
          <params>
            <param index="0">
              <value>
                <![CDATA[chrome]]>
              </value>
            </param>
          </params>
          <reporter-output>
          </reporter-output>
        </test-method> <!-- setup -->
        <test-method signature="usersPage()[pri:1, instance:com.DMS.testCases.TC_005_Users@5db6b9cd]" started-at="2024-01-07T18:32:36 IST" name="usersPage" description="Create user" finished-at="2024-01-07T18:33:12 IST" duration-ms="36107" status="PASS">
          <reporter-output>
          </reporter-output>
        </test-method> <!-- usersPage -->
        <test-method signature="delete()[pri:2, instance:com.DMS.testCases.TC_005_Users@5db6b9cd]" started-at="2024-01-07T18:33:12 IST" name="delete" description="Delete user" finished-at="2024-01-07T18:33:23 IST" duration-ms="10859" status="PASS">
          <reporter-output>
          </reporter-output>
        </test-method> <!-- delete -->
        <test-method is-config="true" signature="tearDown()[pri:0, instance:com.DMS.testCases.TC_005_Users@5db6b9cd]" started-at="2024-01-07T19:12:15 IST" name="tearDown" finished-at="2024-01-07T19:12:17 IST" duration-ms="2293" status="PASS">
          <reporter-output>
          </reporter-output>
        </test-method> <!-- tearDown -->
      </class> <!-- com.DMS.testCases.TC_005_Users -->
      <class name="com.DMS.testCases.TC_009_Projects">
        <test-method signature="createProject()[pri:1, instance:com.DMS.testCases.TC_009_Projects@6f15d60e]" started-at="2024-01-07T18:48:14 IST" name="createProject" description="Create the project" finished-at="2024-01-07T18:48:29 IST" duration-ms="14108" status="PASS">
          <reporter-output>
          </reporter-output>
        </test-method> <!-- createProject -->
        <test-method signature="importRole()[pri:2, instance:com.DMS.testCases.TC_009_Projects@6f15d60e]" started-at="2024-01-07T18:48:29 IST" name="importRole" description="Import roles to the project" finished-at="2024-01-07T18:48:44 IST" duration-ms="15285" status="PASS">
          <reporter-output>
          </reporter-output>
        </test-method> <!-- importRole -->
        <test-method signature="addProjectRole()[pri:3, instance:com.DMS.testCases.TC_009_Projects@6f15d60e]" started-at="2024-01-07T18:48:44 IST" name="addProjectRole" description="Add role to the project" finished-at="2024-01-07T18:48:55 IST" duration-ms="11020" status="PASS">
          <reporter-output>
          </reporter-output>
        </test-method> <!-- addProjectRole -->
        <test-method signature="createUser()[pri:4, instance:com.DMS.testCases.TC_009_Projects@6f15d60e]" started-at="2024-01-07T18:48:55 IST" name="createUser" description="Create the user" finished-at="2024-01-07T18:49:15 IST" duration-ms="20118" status="PASS">
          <reporter-output>
          </reporter-output>
        </test-method> <!-- createUser -->
        <test-method signature="docMainFolderCreation()[pri:5, instance:com.DMS.testCases.TC_009_Projects@6f15d60e]" started-at="2024-01-07T18:49:15 IST" name="docMainFolderCreation" description="Main folder creation" finished-at="2024-01-07T18:49:28 IST" duration-ms="12835" status="PASS">
          <reporter-output>
          </reporter-output>
        </test-method> <!-- docMainFolderCreation -->
        <test-method signature="docMainFolderPermission()[pri:6, instance:com.DMS.testCases.TC_009_Projects@6f15d60e]" started-at="2024-01-07T18:49:28 IST" name="docMainFolderPermission" description="Set permissions to the folder" finished-at="2024-01-07T18:49:48 IST" duration-ms="20249" status="PASS">
          <reporter-output>
          </reporter-output>
        </test-method> <!-- docMainFolderPermission -->
        <test-method signature="docMainFolderShare()[pri:7, instance:com.DMS.testCases.TC_009_Projects@6f15d60e]" started-at="2024-01-07T18:49:48 IST" name="docMainFolderShare" description="Share the folder" finished-at="2024-01-07T18:50:05 IST" duration-ms="17215" status="PASS">
          <reporter-output>
          </reporter-output>
        </test-method> <!-- docMainFolderShare -->
        <test-method signature="docMainFolderShare_ExternalUser()[pri:8, instance:com.DMS.testCases.TC_009_Projects@6f15d60e]" started-at="2024-01-07T18:50:05 IST" name="docMainFolderShare_ExternalUser" description="Share folder to external user" finished-at="2024-01-07T18:50:19 IST" duration-ms="13949" status="PASS">
          <reporter-output>
          </reporter-output>
        </test-method> <!-- docMainFolderShare_ExternalUser -->
        <test-method signature="docMainFolderDelete()[pri:9, instance:com.DMS.testCases.TC_009_Projects@6f15d60e]" started-at="2024-01-07T18:50:19 IST" name="docMainFolderDelete" description="Delete the folder" finished-at="2024-01-07T18:50:34 IST" duration-ms="14695" status="PASS">
          <reporter-output>
          </reporter-output>
        </test-method> <!-- docMainFolderDelete -->
        <test-method signature="docMainFolderArchive()[pri:10, instance:com.DMS.testCases.TC_009_Projects@6f15d60e]" started-at="2024-01-07T18:50:34 IST" name="docMainFolderArchive" description="Archive the folder" finished-at="2024-01-07T18:50:58 IST" duration-ms="23396" status="PASS">
          <reporter-output>
          </reporter-output>
        </test-method> <!-- docMainFolderArchive -->
        <test-method signature="docUploadDocument()[pri:11, instance:com.DMS.testCases.TC_009_Projects@6f15d60e]" started-at="2024-01-07T18:50:58 IST" name="docUploadDocument" description="Upload the document" finished-at="2024-01-07T18:52:11 IST" duration-ms="73612" status="PASS">
          <reporter-output>
          </reporter-output>
        </test-method> <!-- docUploadDocument -->
        <test-method signature="docPermissionDocument()[pri:12, instance:com.DMS.testCases.TC_009_Projects@6f15d60e]" started-at="2024-01-07T18:52:11 IST" name="docPermissionDocument" description="Set permissions to the document" finished-at="2024-01-07T18:52:25 IST" duration-ms="14201" status="PASS">
          <reporter-output>
          </reporter-output>
        </test-method> <!-- docPermissionDocument -->
        <test-method signature="docShareDocument()[pri:13, instance:com.DMS.testCases.TC_009_Projects@6f15d60e]" started-at="2024-01-07T18:52:25 IST" name="docShareDocument" description="Share the document" finished-at="2024-01-07T18:52:40 IST" duration-ms="14156" status="PASS">
          <reporter-output>
          </reporter-output>
        </test-method> <!-- docShareDocument -->
        <test-method signature="docDeletDocument()[pri:14, instance:com.DMS.testCases.TC_009_Projects@6f15d60e]" started-at="2024-01-07T18:52:40 IST" name="docDeletDocument" description="Delete the document" finished-at="2024-01-07T18:52:51 IST" duration-ms="11495" status="PASS">
          <reporter-output>
          </reporter-output>
        </test-method> <!-- docDeletDocument -->
        <test-method signature="docArchiveDocument()[pri:15, instance:com.DMS.testCases.TC_009_Projects@6f15d60e]" started-at="2024-01-07T18:52:51 IST" name="docArchiveDocument" description="Archive the document" finished-at="2024-01-07T18:53:08 IST" duration-ms="16882" status="PASS">
          <reporter-output>
          </reporter-output>
        </test-method> <!-- docArchiveDocument -->
        <test-method signature="addSignersToTheDocument()[pri:16, instance:com.DMS.testCases.TC_009_Projects@6f15d60e]" started-at="2024-01-07T18:53:08 IST" name="addSignersToTheDocument" description="Add signers to the document" finished-at="2024-01-07T18:53:50 IST" duration-ms="42156" status="PASS">
          <reporter-output>
          </reporter-output>
        </test-method> <!-- addSignersToTheDocument -->
        <test-method signature="addSigners_Document()[pri:17, instance:com.DMS.testCases.TC_009_Projects@6f15d60e]" started-at="2024-01-07T18:53:50 IST" name="addSigners_Document" description="Edit signers" finished-at="2024-01-07T18:54:02 IST" duration-ms="12304" status="PASS">
          <reporter-output>
          </reporter-output>
        </test-method> <!-- addSigners_Document -->
        <test-method signature="signDocument()[pri:18, instance:com.DMS.testCases.TC_009_Projects@6f15d60e]" started-at="2024-01-07T18:54:02 IST" name="signDocument" description="Sign the document" finished-at="2024-01-07T18:54:26 IST" duration-ms="23565" status="PASS">
          <reporter-output>
          </reporter-output>
        </test-method> <!-- signDocument -->
        <test-method signature="approvalDoc()[pri:19, instance:com.DMS.testCases.TC_009_Projects@6f15d60e]" started-at="2024-01-07T18:54:26 IST" name="approvalDoc" description="Set approvers to the document" finished-at="2024-01-07T18:54:38 IST" duration-ms="12093" status="PASS">
          <reporter-output>
          </reporter-output>
        </test-method> <!-- approvalDoc -->
        <test-method signature="addNewVersion_Doc()[pri:20, instance:com.DMS.testCases.TC_009_Projects@6f15d60e]" started-at="2024-01-07T18:54:38 IST" name="addNewVersion_Doc" description="Add new version" finished-at="2024-01-07T18:55:15 IST" duration-ms="37404" status="PASS">
          <reporter-output>
          </reporter-output>
        </test-method> <!-- addNewVersion_Doc -->
        <test-method signature="devMainFolderCreation()[pri:21, instance:com.DMS.testCases.TC_009_Projects@6f15d60e]" started-at="2024-01-07T18:55:15 IST" name="devMainFolderCreation" description="Main folder creation" finished-at="2024-01-07T18:55:35 IST" duration-ms="19537" status="PASS">
          <reporter-output>
          </reporter-output>
        </test-method> <!-- devMainFolderCreation -->
        <test-method signature="devMainFolderPermission()[pri:22, instance:com.DMS.testCases.TC_009_Projects@6f15d60e]" started-at="2024-01-07T18:55:35 IST" name="devMainFolderPermission" description="Set permissions to the folder" finished-at="2024-01-07T18:56:02 IST" duration-ms="27215" status="PASS">
          <reporter-output>
          </reporter-output>
        </test-method> <!-- devMainFolderPermission -->
        <test-method signature="devMainFolderShare()[pri:23, instance:com.DMS.testCases.TC_009_Projects@6f15d60e]" started-at="2024-01-07T18:56:02 IST" name="devMainFolderShare" description="Share the folder" finished-at="2024-01-07T18:56:20 IST" duration-ms="17235" status="PASS">
          <reporter-output>
          </reporter-output>
        </test-method> <!-- devMainFolderShare -->
        <test-method signature="devMainFolderShare_ExternalUser()[pri:24, instance:com.DMS.testCases.TC_009_Projects@6f15d60e]" started-at="2024-01-07T18:56:20 IST" name="devMainFolderShare_ExternalUser" description="Share the folder tho the external user" finished-at="2024-01-07T18:56:36 IST" duration-ms="16017" status="PASS">
          <reporter-output>
          </reporter-output>
        </test-method> <!-- devMainFolderShare_ExternalUser -->
        <test-method signature="devMainFolderDelete()[pri:25, instance:com.DMS.testCases.TC_009_Projects@6f15d60e]" started-at="2024-01-07T18:56:36 IST" name="devMainFolderDelete" description="Delete the folder" finished-at="2024-01-07T18:56:50 IST" duration-ms="14752" status="PASS">
          <reporter-output>
          </reporter-output>
        </test-method> <!-- devMainFolderDelete -->
        <test-method signature="devMainFolderArchive()[pri:26, instance:com.DMS.testCases.TC_009_Projects@6f15d60e]" started-at="2024-01-07T18:56:50 IST" name="devMainFolderArchive" description="Archive the folder" finished-at="2024-01-07T18:57:14 IST" duration-ms="23259" status="PASS">
          <reporter-output>
          </reporter-output>
        </test-method> <!-- devMainFolderArchive -->
        <test-method signature="devUploadDocument_SubmitAndSign()[pri:27, instance:com.DMS.testCases.TC_009_Projects@6f15d60e]" started-at="2024-01-07T18:57:14 IST" name="devUploadDocument_SubmitAndSign" description="Save and submit the form" finished-at="2024-01-07T18:58:33 IST" duration-ms="79498" status="PASS">
          <reporter-output>
          </reporter-output>
        </test-method> <!-- devUploadDocument_SubmitAndSign -->
        <test-method signature="viewDocument()[pri:28, instance:com.DMS.testCases.TC_009_Projects@6f15d60e]" started-at="2024-01-07T18:58:33 IST" name="viewDocument" description="View the document" finished-at="2024-01-07T18:58:38 IST" duration-ms="4516" status="PASS">
          <reporter-output>
          </reporter-output>
        </test-method> <!-- viewDocument -->
        <test-method signature="addNewVersion1()[pri:29, instance:com.DMS.testCases.TC_009_Projects@6f15d60e]" started-at="2024-01-07T18:58:38 IST" name="addNewVersion1" description="Add new version" finished-at="2024-01-07T18:59:32 IST" duration-ms="54561" status="PASS">
          <reporter-output>
          </reporter-output>
        </test-method> <!-- addNewVersion1 -->
        <test-method signature="download_printDoc()[pri:30, instance:com.DMS.testCases.TC_009_Projects@6f15d60e]" started-at="2024-01-07T18:59:32 IST" name="download_printDoc" description="Download and print the form" finished-at="2024-01-07T18:59:43 IST" duration-ms="10692" status="PASS">
          <reporter-output>
          </reporter-output>
        </test-method> <!-- download_printDoc -->
        <test-method signature="devUploadDocument_Save()[pri:31, instance:com.DMS.testCases.TC_009_Projects@6f15d60e]" started-at="2024-01-07T18:59:43 IST" name="devUploadDocument_Save" description="Save the form" finished-at="2024-01-07T19:00:35 IST" duration-ms="52011" status="PASS">
          <reporter-output>
          </reporter-output>
        </test-method> <!-- devUploadDocument_Save -->
        <test-method signature="devUploadDocument_Save_Delete()[pri:32, instance:com.DMS.testCases.TC_009_Projects@6f15d60e]" started-at="2024-01-07T19:00:35 IST" name="devUploadDocument_Save_Delete" description="Delete the saved form" finished-at="2024-01-07T19:00:46 IST" duration-ms="10644" status="PASS">
          <reporter-output>
          </reporter-output>
        </test-method> <!-- devUploadDocument_Save_Delete -->
      </class> <!-- com.DMS.testCases.TC_009_Projects -->
      <class name="com.DMS.testCases.TC_011_ConfigOnlineTest">
        <test-method signature="configureExam()[pri:1, instance:com.DMS.testCases.TC_011_ConfigOnlineTest@29d80d2b]" started-at="2024-01-07T19:02:13 IST" name="configureExam" description="Create test and assign users" finished-at="2024-01-07T19:02:50 IST" duration-ms="37272" status="PASS">
          <reporter-output>
          </reporter-output>
        </test-method> <!-- configureExam -->
        <test-method signature="userAddition()[pri:2, instance:com.DMS.testCases.TC_011_ConfigOnlineTest@29d80d2b]" started-at="2024-01-07T19:02:50 IST" name="userAddition" description="Assign users" finished-at="2024-01-07T19:03:09 IST" duration-ms="19268" status="PASS">
          <reporter-output>
          </reporter-output>
        </test-method> <!-- userAddition -->
        <test-method signature="createQuestion()[pri:3, instance:com.DMS.testCases.TC_011_ConfigOnlineTest@29d80d2b]" started-at="2024-01-07T19:03:09 IST" name="createQuestion" description="Create question" finished-at="2024-01-07T19:04:27 IST" duration-ms="78132" status="PASS">
          <reporter-output>
          </reporter-output>
        </test-method> <!-- createQuestion -->
        <test-method signature="uploadQuestion()[pri:4, instance:com.DMS.testCases.TC_011_ConfigOnlineTest@29d80d2b]" started-at="2024-01-07T19:04:27 IST" name="uploadQuestion" description="Upload question" finished-at="2024-01-07T19:05:17 IST" duration-ms="49691" status="PASS">
          <reporter-output>
          </reporter-output>
        </test-method> <!-- uploadQuestion -->
        <test-method signature="viewTest()[pri:5, instance:com.DMS.testCases.TC_011_ConfigOnlineTest@29d80d2b]" started-at="2024-01-07T19:05:17 IST" name="viewTest" description="View test" finished-at="2024-01-07T19:05:34 IST" duration-ms="17196" status="PASS">
          <reporter-output>
          </reporter-output>
        </test-method> <!-- viewTest -->
      </class> <!-- com.DMS.testCases.TC_011_ConfigOnlineTest -->
      <class name="com.DMS.testCases.TC_014_ConfigProcessTraining">
        <test-method signature="assignSOP()[pri:1, instance:com.DMS.testCases.TC_014_ConfigProcessTraining@4f0f2942]" started-at="2024-01-07T19:08:53 IST" name="assignSOP" description="Assign SOP" finished-at="2024-01-07T19:09:30 IST" duration-ms="37035" status="PASS">
          <reporter-output>
          </reporter-output>
        </test-method> <!-- assignSOP -->
      </class> <!-- com.DMS.testCases.TC_014_ConfigProcessTraining -->
      <class name="com.DMS.testCases.TC_006_ConfigBookmarkSign">
        <test-method signature="createDocumentType()[pri:1, instance:com.DMS.testCases.TC_006_ConfigBookmarkSign@210ab13f]" started-at="2024-01-07T18:33:23 IST" name="createDocumentType" description="Create document type" finished-at="2024-01-07T18:33:38 IST" duration-ms="15200" status="PASS">
          <reporter-output>
          </reporter-output>
        </test-method> <!-- createDocumentType -->
        <test-method signature="editDocumentType()[pri:2, instance:com.DMS.testCases.TC_006_ConfigBookmarkSign@210ab13f]" started-at="2024-01-07T18:33:38 IST" name="editDocumentType" description="Edit document type" finished-at="2024-01-07T18:33:58 IST" duration-ms="19630" status="PASS">
          <reporter-output>
          </reporter-output>
        </test-method> <!-- editDocumentType -->
        <test-method signature="addBookmark()[pri:3, instance:com.DMS.testCases.TC_006_ConfigBookmarkSign@210ab13f]" started-at="2024-01-07T18:33:58 IST" name="addBookmark" description="Add bookmark" finished-at="2024-01-07T18:34:09 IST" duration-ms="10855" status="PASS">
          <reporter-output>
          </reporter-output>
        </test-method> <!-- addBookmark -->
        <test-method signature="editBookmark()[pri:4, instance:com.DMS.testCases.TC_006_ConfigBookmarkSign@210ab13f]" started-at="2024-01-07T18:34:09 IST" name="editBookmark" description="Edit book mark" finished-at="2024-01-07T18:34:22 IST" duration-ms="12717" status="PASS">
          <reporter-output>
          </reporter-output>
        </test-method> <!-- editBookmark -->
        <test-method signature="deleteBookmark()[pri:5, instance:com.DMS.testCases.TC_006_ConfigBookmarkSign@210ab13f]" started-at="2024-01-07T18:34:22 IST" name="deleteBookmark" description="Delete book mark" finished-at="2024-01-07T18:34:30 IST" duration-ms="8355" status="PASS">
          <reporter-output>
          </reporter-output>
        </test-method> <!-- deleteBookmark -->
        <test-method signature="deleteDocumentType()[pri:6, instance:com.DMS.testCases.TC_006_ConfigBookmarkSign@210ab13f]" started-at="2024-01-07T18:34:30 IST" name="deleteDocumentType" description="Delete document type" finished-at="2024-01-07T18:34:34 IST" duration-ms="4402" status="PASS">
          <reporter-output>
          </reporter-output>
        </test-method> <!-- deleteDocumentType -->
      </class> <!-- com.DMS.testCases.TC_006_ConfigBookmarkSign -->
      <class name="com.DMS.testCases.TC_013_TrainingPlan">
        <test-method signature="addTrainingPlan_MyTrainingPlan()[pri:1, instance:com.DMS.testCases.TC_013_TrainingPlan@446a1e84]" started-at="2024-01-07T19:07:13 IST" name="addTrainingPlan_MyTrainingPlan" description="Add my training plan" finished-at="2024-01-07T19:07:44 IST" duration-ms="30718" status="PASS">
          <reporter-output>
          </reporter-output>
        </test-method> <!-- addTrainingPlan_MyTrainingPlan -->
        <test-method signature="export_MyTrainingPlan()[pri:2, instance:com.DMS.testCases.TC_013_TrainingPlan@446a1e84]" started-at="2024-01-07T19:07:44 IST" name="export_MyTrainingPlan" description="Export the training plan details" finished-at="2024-01-07T19:07:48 IST" duration-ms="4141" status="PASS">
          <reporter-output>
          </reporter-output>
        </test-method> <!-- export_MyTrainingPlan -->
        <test-method signature="sign_TrainingPlanForApproval()[pri:3, instance:com.DMS.testCases.TC_013_TrainingPlan@446a1e84]" started-at="2024-01-07T19:07:48 IST" name="sign_TrainingPlanForApproval" description="Sign the completed training plan" finished-at="2024-01-07T19:08:22 IST" duration-ms="34237" status="PASS">
          <reporter-output>
          </reporter-output>
        </test-method> <!-- sign_TrainingPlanForApproval -->
        <test-method signature="addTrainingPlan_addTrainingPlan()[pri:4, instance:com.DMS.testCases.TC_013_TrainingPlan@446a1e84]" started-at="2024-01-07T19:08:22 IST" name="addTrainingPlan_addTrainingPlan" description="Assign training plan" finished-at="2024-01-07T19:08:53 IST" duration-ms="30674" status="PASS">
          <reporter-output>
          </reporter-output>
        </test-method> <!-- addTrainingPlan_addTrainingPlan -->
      </class> <!-- com.DMS.testCases.TC_013_TrainingPlan -->
      <class name="com.DMS.testCases.TC_012_TestResult">
        <test-method signature="downloadTest()[pri:1, instance:com.DMS.testCases.TC_012_TestResult@58e1d9d]" started-at="2024-01-07T19:05:34 IST" name="downloadTest" description="Download test details" finished-at="2024-01-07T19:05:52 IST" duration-ms="17611" status="PASS">
          <reporter-output>
          </reporter-output>
        </test-method> <!-- downloadTest -->
        <test-method signature="signTest_Initiator()[pri:2, instance:com.DMS.testCases.TC_012_TestResult@58e1d9d]" started-at="2024-01-07T19:05:52 IST" name="signTest_Initiator" description="Sign the completed test" finished-at="2024-01-07T19:06:20 IST" duration-ms="28539" status="PASS">
          <reporter-output>
          </reporter-output>
        </test-method> <!-- signTest_Initiator -->
        <test-method signature="sign_test_Supervisor()[pri:3, instance:com.DMS.testCases.TC_012_TestResult@58e1d9d]" started-at="2024-01-07T19:06:20 IST" name="sign_test_Supervisor" description="Sign the completed test" finished-at="2024-01-07T19:06:53 IST" duration-ms="32754" status="PASS">
          <reporter-output>
          </reporter-output>
        </test-method> <!-- sign_test_Supervisor -->
        <test-method signature="submitExam()[pri:4, instance:com.DMS.testCases.TC_012_TestResult@58e1d9d]" started-at="2024-01-07T19:06:53 IST" name="submitExam" description="Submit the exam" finished-at="2024-01-07T19:07:13 IST" duration-ms="19803" status="PASS">
          <reporter-output>
          </reporter-output>
        </test-method> <!-- submitExam -->
      </class> <!-- com.DMS.testCases.TC_012_TestResult -->
      <class name="com.DMS.testCases.TC_007_Departments">
        <test-method signature="mainDepartmentCreation()[pri:1, instance:com.DMS.testCases.TC_007_Departments@20b2475a]" started-at="2024-01-07T18:34:34 IST" name="mainDepartmentCreation" description="Create department" finished-at="2024-01-07T18:34:55 IST" duration-ms="20985" status="PASS">
          <reporter-output>
          </reporter-output>
        </test-method> <!-- mainDepartmentCreation -->
        <test-method signature="subDepartmentCreation()[pri:2, instance:com.DMS.testCases.TC_007_Departments@20b2475a]" started-at="2024-01-07T18:34:56 IST" name="subDepartmentCreation" description="Create sub department" finished-at="2024-01-07T18:35:07 IST" duration-ms="11747" status="PASS">
          <reporter-output>
          </reporter-output>
        </test-method> <!-- subDepartmentCreation -->
        <test-method signature="mainFolderCreation()[pri:3, instance:com.DMS.testCases.TC_007_Departments@20b2475a]" started-at="2024-01-07T18:35:07 IST" name="mainFolderCreation" description="Main folder creation" finished-at="2024-01-07T18:35:27 IST" duration-ms="20176" status="PASS">
          <reporter-output>
          </reporter-output>
        </test-method> <!-- mainFolderCreation -->
        <test-method signature="MainFolder_Permission()[pri:4, instance:com.DMS.testCases.TC_007_Departments@20b2475a]" started-at="2024-01-07T18:35:27 IST" name="MainFolder_Permission" description="Set permissions to the folder" finished-at="2024-01-07T18:35:50 IST" duration-ms="22261" status="PASS">
          <reporter-output>
          </reporter-output>
        </test-method> <!-- MainFolder_Permission -->
        <test-method signature="MainFolder_Share()[pri:5, instance:com.DMS.testCases.TC_007_Departments@20b2475a]" started-at="2024-01-07T18:35:50 IST" name="MainFolder_Share" description="Share the folder" finished-at="2024-01-07T18:36:11 IST" duration-ms="21247" status="PASS">
          <reporter-output>
          </reporter-output>
        </test-method> <!-- MainFolder_Share -->
        <test-method signature="MainFolder_Delete()[pri:6, instance:com.DMS.testCases.TC_007_Departments@20b2475a]" started-at="2024-01-07T18:36:11 IST" name="MainFolder_Delete" description="Delete the folder" finished-at="2024-01-07T18:36:29 IST" duration-ms="17812" status="PASS">
          <reporter-output>
          </reporter-output>
        </test-method> <!-- MainFolder_Delete -->
        <test-method signature="MainFolder_Archive()[pri:7, instance:com.DMS.testCases.TC_007_Departments@20b2475a]" started-at="2024-01-07T18:36:29 IST" name="MainFolder_Archive" description="Archive the folder" finished-at="2024-01-07T18:36:58 IST" duration-ms="29266" status="PASS">
          <reporter-output>
          </reporter-output>
        </test-method> <!-- MainFolder_Archive -->
        <test-method signature="UploadDocument()[pri:8, instance:com.DMS.testCases.TC_007_Departments@20b2475a]" started-at="2024-01-07T18:36:58 IST" name="UploadDocument" description="Upload the document" finished-at="2024-01-07T18:38:34 IST" duration-ms="95730" status="PASS">
          <reporter-output>
          </reporter-output>
        </test-method> <!-- UploadDocument -->
        <test-method signature="document_Permission()[pri:9, instance:com.DMS.testCases.TC_007_Departments@20b2475a]" started-at="2024-01-07T18:38:34 IST" name="document_Permission" description="Set permissions to the document" finished-at="2024-01-07T18:38:51 IST" duration-ms="17317" status="PASS">
          <reporter-output>
          </reporter-output>
        </test-method> <!-- document_Permission -->
        <test-method signature="document_Share()[pri:10, instance:com.DMS.testCases.TC_007_Departments@20b2475a]" started-at="2024-01-07T18:38:51 IST" name="document_Share" description="Share the document" finished-at="2024-01-07T18:39:08 IST" duration-ms="17180" status="PASS">
          <reporter-output>
          </reporter-output>
        </test-method> <!-- document_Share -->
        <test-method signature="document_Delete()[pri:11, instance:com.DMS.testCases.TC_007_Departments@20b2475a]" started-at="2024-01-07T18:39:08 IST" name="document_Delete" description="Delete the document" finished-at="2024-01-07T18:39:21 IST" duration-ms="12582" status="PASS">
          <reporter-output>
          </reporter-output>
        </test-method> <!-- document_Delete -->
        <test-method signature="document_Archive()[pri:12, instance:com.DMS.testCases.TC_007_Departments@20b2475a]" started-at="2024-01-07T18:39:21 IST" name="document_Archive" description="Archive the document" finished-at="2024-01-07T18:39:34 IST" duration-ms="12647" status="PASS">
          <reporter-output>
          </reporter-output>
        </test-method> <!-- document_Archive -->
        <test-method signature="addSignersToTheDocument()[pri:13, instance:com.DMS.testCases.TC_007_Departments@20b2475a]" started-at="2024-01-07T18:39:34 IST" name="addSignersToTheDocument" description="Add signers to the document" finished-at="2024-01-07T18:40:14 IST" duration-ms="39935" status="PASS">
          <reporter-output>
          </reporter-output>
        </test-method> <!-- addSignersToTheDocument -->
        <test-method signature="signersEdit()[pri:14, instance:com.DMS.testCases.TC_007_Departments@20b2475a]" started-at="2024-01-07T18:40:14 IST" name="signersEdit" description="Edit signers" finished-at="2024-01-07T18:40:30 IST" duration-ms="16654" status="PASS">
          <reporter-output>
          </reporter-output>
        </test-method> <!-- signersEdit -->
        <test-method signature="signDocument()[pri:15, instance:com.DMS.testCases.TC_007_Departments@20b2475a]" started-at="2024-01-07T18:40:30 IST" name="signDocument" description="Sign document" finished-at="2024-01-07T18:40:55 IST" duration-ms="25017" status="PASS">
          <reporter-output>
          </reporter-output>
        </test-method> <!-- signDocument -->
        <test-method signature="setApprover_Document()[pri:16, instance:com.DMS.testCases.TC_007_Departments@20b2475a]" started-at="2024-01-07T18:40:55 IST" name="setApprover_Document" description="Set approvers to the document" finished-at="2024-01-07T18:41:08 IST" duration-ms="13131" status="PASS">
          <reporter-output>
          </reporter-output>
        </test-method> <!-- setApprover_Document -->
        <test-method signature="addNewVersion_Doc()[pri:17, instance:com.DMS.testCases.TC_007_Departments@20b2475a]" started-at="2024-01-07T18:41:09 IST" name="addNewVersion_Doc" description="Add new version" finished-at="2024-01-07T18:41:48 IST" duration-ms="39436" status="PASS">
          <reporter-output>
          </reporter-output>
        </test-method> <!-- addNewVersion_Doc -->
      </class> <!-- com.DMS.testCases.TC_007_Departments -->
      <class name="com.DMS.testCases.TC_015_TrainingAcknowledgement">
        <test-method signature="sign_MyTraining()[pri:1, instance:com.DMS.testCases.TC_015_TrainingAcknowledgement@2657d4dd]" started-at="2024-01-07T19:09:30 IST" name="sign_MyTraining" description="Sign the SOP training form" finished-at="2024-01-07T19:10:03 IST" duration-ms="32884" status="PASS">
          <reporter-output>
          </reporter-output>
        </test-method> <!-- sign_MyTraining -->
        <test-method signature="view_download_MyTraining()[pri:2, instance:com.DMS.testCases.TC_015_TrainingAcknowledgement@2657d4dd]" started-at="2024-01-07T19:10:03 IST" name="view_download_MyTraining" description="Download the SOP training form" finished-at="2024-01-07T19:10:10 IST" duration-ms="6920" status="PASS">
          <reporter-output>
          </reporter-output>
        </test-method> <!-- view_download_MyTraining -->
        <test-method signature="sign_Verification()[pri:3, instance:com.DMS.testCases.TC_015_TrainingAcknowledgement@2657d4dd]" started-at="2024-01-07T19:10:10 IST" name="sign_Verification" description="Sign the SOP training form" finished-at="2024-01-07T19:10:39 IST" duration-ms="29309" status="PASS">
          <reporter-output>
          </reporter-output>
        </test-method> <!-- sign_Verification -->
        <test-method signature="downloadSignedDoc_Verification()[pri:4, instance:com.DMS.testCases.TC_015_TrainingAcknowledgement@2657d4dd]" started-at="2024-01-07T19:10:39 IST" name="downloadSignedDoc_Verification" description="Download the SOP training form" finished-at="2024-01-07T19:10:57 IST" duration-ms="17710" status="PASS">
          <reporter-output>
          </reporter-output>
        </test-method> <!-- downloadSignedDoc_Verification -->
        <test-method signature="assignTraining()[pri:5, instance:com.DMS.testCases.TC_015_TrainingAcknowledgement@2657d4dd]" started-at="2024-01-07T19:10:57 IST" name="assignTraining" description="View the SOP training form" finished-at="2024-01-07T19:11:05 IST" duration-ms="8645" status="PASS">
          <reporter-output>
          </reporter-output>
        </test-method> <!-- assignTraining -->
      </class> <!-- com.DMS.testCases.TC_015_TrainingAcknowledgement -->
      <class name="com.DMS.testCases.TC_016_Dashboard">
        <test-method signature="approveTrainingPlan()[pri:1, instance:com.DMS.testCases.TC_016_Dashboard@5340477f]" started-at="2024-01-07T19:11:05 IST" name="approveTrainingPlan" description="Approve training plan" finished-at="2024-01-07T19:11:20 IST" duration-ms="14644" status="PASS">
          <reporter-output>
          </reporter-output>
        </test-method> <!-- approveTrainingPlan -->
        <test-method signature="signDocument()[pri:2, instance:com.DMS.testCases.TC_016_Dashboard@5340477f]" started-at="2024-01-07T19:11:20 IST" name="signDocument" description="Sign document" finished-at="2024-01-07T19:12:09 IST" duration-ms="49381" status="FAIL">
          <exception class="org.openqa.selenium.NoSuchElementException">
            <message>
              <![CDATA[Unable to find element with locator By.xpath: //body[1]/div[1]/div[1]/div[1]/div[1]/div[1]/div[3]/div[1]/div[1]/div[1]/div[1]/div[3]/div[1]/img[1]
For documentation on this error, please visit: https://www.selenium.dev/documentation/webdriver/troubleshooting/errors#no-such-element-exception
Build info: version: '4.13.0', revision: 'ba948ece5b*'
System info: os.name: 'Windows 10', os.arch: 'amd64', os.version: '10.0', java.version: '17.0.6'
Driver info: driver.version: RemoteWebDriver]]>
            </message>
            <full-stacktrace>
              <![CDATA[org.openqa.selenium.NoSuchElementException: Unable to find element with locator By.xpath: //body[1]/div[1]/div[1]/div[1]/div[1]/div[1]/div[3]/div[1]/div[1]/div[1]/div[1]/div[3]/div[1]/img[1]
For documentation on this error, please visit: https://www.selenium.dev/documentation/webdriver/troubleshooting/errors#no-such-element-exception
Build info: version: '4.13.0', revision: 'ba948ece5b*'
System info: os.name: 'Windows 10', os.arch: 'amd64', os.version: '10.0', java.version: '17.0.6'
Driver info: driver.version: RemoteWebDriver
at org.openqa.selenium.remote.ElementLocation$ElementFinder$2.findElement(ElementLocation.java:168)
at org.openqa.selenium.remote.ElementLocation.findElement(ElementLocation.java:59)
at org.openqa.selenium.remote.RemoteWebDriver.findElement(RemoteWebDriver.java:359)
at org.openqa.selenium.remote.RemoteWebDriver.findElement(RemoteWebDriver.java:353)
at org.openqa.selenium.support.pagefactory.DefaultElementLocator.findElement(DefaultElementLocator.java:68)
at org.openqa.selenium.support.pagefactory.internal.LocatingElementHandler.invoke(LocatingElementHandler.java:38)
at jdk.proxy2/jdk.proxy2.$Proxy21.click(Unknown Source)
at com.DMS.pageObjects.Dashboard.signDocument(Dashboard.java:249)
at com.DMS.testCases.TC_016_Dashboard.signDocument(TC_016_Dashboard.java:27)
at java.base/jdk.internal.reflect.NativeMethodAccessorImpl.invoke0(Native Method)
at java.base/jdk.internal.reflect.NativeMethodAccessorImpl.invoke(NativeMethodAccessorImpl.java:77)
at java.base/jdk.internal.reflect.DelegatingMethodAccessorImpl.invoke(DelegatingMethodAccessorImpl.java:43)
at java.base/java.lang.reflect.Method.invoke(Method.java:568)
at org.testng.internal.invokers.MethodInvocationHelper.invokeMethod(MethodInvocationHelper.java:139)
at org.testng.internal.invokers.TestInvoker.invokeMethod(TestInvoker.java:664)
at org.testng.internal.invokers.TestInvoker.invokeTestMethod(TestInvoker.java:227)
at org.testng.internal.invokers.MethodRunner.runInSequence(MethodRunner.java:50)
at org.testng.internal.invokers.TestInvoker$MethodInvocationAgent.invoke(TestInvoker.java:957)
at org.testng.internal.invokers.TestInvoker.invokeTestMethods(TestInvoker.java:200)
at org.testng.internal.invokers.TestMethodWorker.invokeTestMethods(TestMethodWorker.java:148)
at org.testng.internal.invokers.TestMethodWorker.run(TestMethodWorker.java:128)
at java.base/java.util.ArrayList.forEach(ArrayList.java:1511)
at org.testng.TestRunner.privateRun(TestRunner.java:848)
at org.testng.TestRunner.run(TestRunner.java:621)
at org.testng.SuiteRunner.runTest(SuiteRunner.java:443)
at org.testng.SuiteRunner.runSequentially(SuiteRunner.java:437)
at org.testng.SuiteRunner.privateRun(SuiteRunner.java:397)
at org.testng.SuiteRunner.run(SuiteRunner.java:336)
at org.testng.SuiteRunnerWorker.runSuite(SuiteRunnerWorker.java:52)
at org.testng.SuiteRunnerWorker.run(SuiteRunnerWorker.java:95)
at org.testng.TestNG.runSuitesSequentially(TestNG.java:1280)
at org.testng.TestNG.runSuitesLocally(TestNG.java:1200)
at org.testng.TestNG.runSuites(TestNG.java:1114)
at org.testng.TestNG.run(TestNG.java:1082)
at org.testng.remote.AbstractRemoteTestNG.run(AbstractRemoteTestNG.java:115)
at org.testng.remote.RemoteTestNG.initAndRun(RemoteTestNG.java:251)
at org.testng.remote.RemoteTestNG.main(RemoteTestNG.java:77)
]]>
            </full-stacktrace>
          </exception> <!-- org.openqa.selenium.NoSuchElementException -->
          <reporter-output>
          </reporter-output>
        </test-method> <!-- signDocument -->
        <test-method signature="signProcessTrainingAcknowledgement()[pri:3, instance:com.DMS.testCases.TC_016_Dashboard@5340477f]" started-at="2024-01-07T19:12:09 IST" name="signProcessTrainingAcknowledgement" description="Sign process training acknowledgement" finished-at="2024-01-07T19:12:12 IST" duration-ms="2154" status="FAIL">
          <exception class="org.openqa.selenium.UnhandledAlertException">
            <message>
              <![CDATA[unexpected alert open: {Alert text : The document you are trying to access is currently archived!}
  (Session info: chrome=120.0.6099.199): The document you are trying to access is currently archived!
Build info: version: '4.13.0', revision: 'ba948ece5b*'
System info: os.name: 'Windows 10', os.arch: 'amd64', os.version: '10.0', java.version: '17.0.6'
Driver info: org.openqa.selenium.chrome.ChromeDriver
Command: [9317d290472a4f5f881170e5207e938f, executeScript {script=window.scrollBy(0,300), args=[]}]
Capabilities {acceptInsecureCerts: false, browserName: chrome, browserVersion: 120.0.6099.199, chrome: {chromedriverVersion: 120.0.6099.109 (3419140ab66..., userDataDir: C:\Users\lenovo\AppData\Loc...}, fedcm:accounts: true, goog:chromeOptions: {debuggerAddress: localhost:56274}, networkConnectionEnabled: false, pageLoadStrategy: normal, platformName: windows, proxy: Proxy(), se:cdp: ws://localhost:56274/devtoo..., se:cdpVersion: 120.0.6099.199, setWindowRect: true, strictFileInteractability: false, timeouts: {implicit: 0, pageLoad: 300000, script: 30000}, unhandledPromptBehavior: dismiss and notify, webauthn:extension:credBlob: true, webauthn:extension:largeBlob: true, webauthn:extension:minPinLength: true, webauthn:extension:prf: true, webauthn:virtualAuthenticators: true}
Session ID: 9317d290472a4f5f881170e5207e938f]]>
            </message>
            <full-stacktrace>
              <![CDATA[org.openqa.selenium.UnhandledAlertException: unexpected alert open: {Alert text : The document you are trying to access is currently archived!}
  (Session info: chrome=120.0.6099.199): The document you are trying to access is currently archived!
Build info: version: '4.13.0', revision: 'ba948ece5b*'
System info: os.name: 'Windows 10', os.arch: 'amd64', os.version: '10.0', java.version: '17.0.6'
Driver info: org.openqa.selenium.chrome.ChromeDriver
Command: [9317d290472a4f5f881170e5207e938f, executeScript {script=window.scrollBy(0,300), args=[]}]
Capabilities {acceptInsecureCerts: false, browserName: chrome, browserVersion: 120.0.6099.199, chrome: {chromedriverVersion: 120.0.6099.109 (3419140ab66..., userDataDir: C:\Users\lenovo\AppData\Loc...}, fedcm:accounts: true, goog:chromeOptions: {debuggerAddress: localhost:56274}, networkConnectionEnabled: false, pageLoadStrategy: normal, platformName: windows, proxy: Proxy(), se:cdp: ws://localhost:56274/devtoo..., se:cdpVersion: 120.0.6099.199, setWindowRect: true, strictFileInteractability: false, timeouts: {implicit: 0, pageLoad: 300000, script: 30000}, unhandledPromptBehavior: dismiss and notify, webauthn:extension:credBlob: true, webauthn:extension:largeBlob: true, webauthn:extension:minPinLength: true, webauthn:extension:prf: true, webauthn:virtualAuthenticators: true}
Session ID: 9317d290472a4f5f881170e5207e938f
at org.openqa.selenium.remote.codec.w3c.W3CHttpResponseCodec.decode(W3CHttpResponseCodec.java:131)
at org.openqa.selenium.remote.codec.w3c.W3CHttpResponseCodec.decode(W3CHttpResponseCodec.java:52)
at org.openqa.selenium.remote.HttpCommandExecutor.execute(HttpCommandExecutor.java:191)
at org.openqa.selenium.remote.service.DriverCommandExecutor.invokeExecute(DriverCommandExecutor.java:196)
at org.openqa.selenium.remote.service.DriverCommandExecutor.execute(DriverCommandExecutor.java:171)
at org.openqa.selenium.remote.RemoteWebDriver.execute(RemoteWebDriver.java:602)
at org.openqa.selenium.remote.RemoteWebDriver.executeScript(RemoteWebDriver.java:467)
at com.DMS.pageObjects.Dashboard.signProcessTrainingAcknowledgement(Dashboard.java:138)
at com.DMS.testCases.TC_016_Dashboard.signProcessTrainingAcknowledgement(TC_016_Dashboard.java:36)
at java.base/jdk.internal.reflect.NativeMethodAccessorImpl.invoke0(Native Method)
at java.base/jdk.internal.reflect.NativeMethodAccessorImpl.invoke(NativeMethodAccessorImpl.java:77)
at java.base/jdk.internal.reflect.DelegatingMethodAccessorImpl.invoke(DelegatingMethodAccessorImpl.java:43)
at java.base/java.lang.reflect.Method.invoke(Method.java:568)
at org.testng.internal.invokers.MethodInvocationHelper.invokeMethod(MethodInvocationHelper.java:139)
at org.testng.internal.invokers.TestInvoker.invokeMethod(TestInvoker.java:664)
at org.testng.internal.invokers.TestInvoker.invokeTestMethod(TestInvoker.java:227)
at org.testng.internal.invokers.MethodRunner.runInSequence(MethodRunner.java:50)
at org.testng.internal.invokers.TestInvoker$MethodInvocationAgent.invoke(TestInvoker.java:957)
at org.testng.internal.invokers.TestInvoker.invokeTestMethods(TestInvoker.java:200)
at org.testng.internal.invokers.TestMethodWorker.invokeTestMethods(TestMethodWorker.java:148)
at org.testng.internal.invokers.TestMethodWorker.run(TestMethodWorker.java:128)
at java.base/java.util.ArrayList.forEach(ArrayList.java:1511)
at org.testng.TestRunner.privateRun(TestRunner.java:848)
at org.testng.TestRunner.run(TestRunner.java:621)
at org.testng.SuiteRunner.runTest(SuiteRunner.java:443)
at org.testng.SuiteRunner.runSequentially(SuiteRunner.java:437)
at org.testng.SuiteRunner.privateRun(SuiteRunner.java:397)
at org.testng.SuiteRunner.run(SuiteRunner.java:336)
at org.testng.SuiteRunnerWorker.runSuite(SuiteRunnerWorker.java:52)
at org.testng.SuiteRunnerWorker.run(SuiteRunnerWorker.java:95)
at org.testng.TestNG.runSuitesSequentially(TestNG.java:1280)
at org.testng.TestNG.runSuitesLocally(TestNG.java:1200)
at org.testng.TestNG.runSuites(TestNG.java:1114)
at org.testng.TestNG.run(TestNG.java:1082)
at org.testng.remote.AbstractRemoteTestNG.run(AbstractRemoteTestNG.java:115)
at org.testng.remote.RemoteTestNG.initAndRun(RemoteTestNG.java:251)
at org.testng.remote.RemoteTestNG.main(RemoteTestNG.java:77)
]]>
            </full-stacktrace>
          </exception> <!-- org.openqa.selenium.UnhandledAlertException -->
          <reporter-output>
          </reporter-output>
        </test-method> <!-- signProcessTrainingAcknowledgement -->
        <test-method signature="signOnlineTestReport()[pri:4, instance:com.DMS.testCases.TC_016_Dashboard@5340477f]" started-at="2024-01-07T19:12:12 IST" name="signOnlineTestReport" description="Sign online test report" finished-at="2024-01-07T19:12:15 IST" duration-ms="3170" status="FAIL">
          <exception class="org.openqa.selenium.ElementClickInterceptedException">
            <message>
              <![CDATA[element click intercepted: Element is not clickable at point (1244, 635)
  (Session info: chrome=120.0.6099.199)
Build info: version: '4.13.0', revision: 'ba948ece5b*'
System info: os.name: 'Windows 10', os.arch: 'amd64', os.version: '10.0', java.version: '17.0.6'
Driver info: org.openqa.selenium.chrome.ChromeDriver
Command: [9317d290472a4f5f881170e5207e938f, clickElement {id=7F49644A80A9EF80D50E146DA7B260F3_element_5785}]
Capabilities {acceptInsecureCerts: false, browserName: chrome, browserVersion: 120.0.6099.199, chrome: {chromedriverVersion: 120.0.6099.109 (3419140ab66..., userDataDir: C:\Users\lenovo\AppData\Loc...}, fedcm:accounts: true, goog:chromeOptions: {debuggerAddress: localhost:56274}, networkConnectionEnabled: false, pageLoadStrategy: normal, platformName: windows, proxy: Proxy(), se:cdp: ws://localhost:56274/devtoo..., se:cdpVersion: 120.0.6099.199, setWindowRect: true, strictFileInteractability: false, timeouts: {implicit: 0, pageLoad: 300000, script: 30000}, unhandledPromptBehavior: dismiss and notify, webauthn:extension:credBlob: true, webauthn:extension:largeBlob: true, webauthn:extension:minPinLength: true, webauthn:extension:prf: true, webauthn:virtualAuthenticators: true}
Element: [[ChromeDriver: chrome on windows (9317d290472a4f5f881170e5207e938f)] -> xpath: //body[1]/div[1]/div[1]/div[1]/div[1]/div[1]/div[3]/div[1]/div[1]/div[4]/div[1]/div[2]/div[1]/table[1]/tbody[1]/tr[1]/td[3]/i[1]]
Session ID: 9317d290472a4f5f881170e5207e938f]]>
            </message>
            <full-stacktrace>
              <![CDATA[org.openqa.selenium.ElementClickInterceptedException: element click intercepted: Element is not clickable at point (1244, 635)
  (Session info: chrome=120.0.6099.199)
Build info: version: '4.13.0', revision: 'ba948ece5b*'
System info: os.name: 'Windows 10', os.arch: 'amd64', os.version: '10.0', java.version: '17.0.6'
Driver info: org.openqa.selenium.chrome.ChromeDriver
Command: [9317d290472a4f5f881170e5207e938f, clickElement {id=7F49644A80A9EF80D50E146DA7B260F3_element_5785}]
Capabilities {acceptInsecureCerts: false, browserName: chrome, browserVersion: 120.0.6099.199, chrome: {chromedriverVersion: 120.0.6099.109 (3419140ab66..., userDataDir: C:\Users\lenovo\AppData\Loc...}, fedcm:accounts: true, goog:chromeOptions: {debuggerAddress: localhost:56274}, networkConnectionEnabled: false, pageLoadStrategy: normal, platformName: windows, proxy: Proxy(), se:cdp: ws://localhost:56274/devtoo..., se:cdpVersion: 120.0.6099.199, setWindowRect: true, strictFileInteractability: false, timeouts: {implicit: 0, pageLoad: 300000, script: 30000}, unhandledPromptBehavior: dismiss and notify, webauthn:extension:credBlob: true, webauthn:extension:largeBlob: true, webauthn:extension:minPinLength: true, webauthn:extension:prf: true, webauthn:virtualAuthenticators: true}
Element: [[ChromeDriver: chrome on windows (9317d290472a4f5f881170e5207e938f)] -> xpath: //body[1]/div[1]/div[1]/div[1]/div[1]/div[1]/div[3]/div[1]/div[1]/div[4]/div[1]/div[2]/div[1]/table[1]/tbody[1]/tr[1]/td[3]/i[1]]
Session ID: 9317d290472a4f5f881170e5207e938f
at java.base/jdk.internal.reflect.NativeConstructorAccessorImpl.newInstance0(Native Method)
at java.base/jdk.internal.reflect.NativeConstructorAccessorImpl.newInstance(NativeConstructorAccessorImpl.java:77)
at java.base/jdk.internal.reflect.DelegatingConstructorAccessorImpl.newInstance(DelegatingConstructorAccessorImpl.java:45)
at java.base/java.lang.reflect.Constructor.newInstanceWithCaller(Constructor.java:499)
at java.base/java.lang.reflect.Constructor.newInstance(Constructor.java:480)
at org.openqa.selenium.remote.codec.w3c.W3CHttpResponseCodec.createException(W3CHttpResponseCodec.java:200)
at org.openqa.selenium.remote.codec.w3c.W3CHttpResponseCodec.decode(W3CHttpResponseCodec.java:133)
at org.openqa.selenium.remote.codec.w3c.W3CHttpResponseCodec.decode(W3CHttpResponseCodec.java:52)
at org.openqa.selenium.remote.HttpCommandExecutor.execute(HttpCommandExecutor.java:191)
at org.openqa.selenium.remote.service.DriverCommandExecutor.invokeExecute(DriverCommandExecutor.java:196)
at org.openqa.selenium.remote.service.DriverCommandExecutor.execute(DriverCommandExecutor.java:171)
at org.openqa.selenium.remote.RemoteWebDriver.execute(RemoteWebDriver.java:602)
at org.openqa.selenium.remote.RemoteWebElement.execute(RemoteWebElement.java:224)
at org.openqa.selenium.remote.RemoteWebElement.click(RemoteWebElement.java:77)
at jdk.internal.reflect.GeneratedMethodAccessor7.invoke(Unknown Source)
at java.base/jdk.internal.reflect.DelegatingMethodAccessorImpl.invoke(DelegatingMethodAccessorImpl.java:43)
at java.base/java.lang.reflect.Method.invoke(Method.java:568)
at org.openqa.selenium.support.pagefactory.internal.LocatingElementHandler.invoke(LocatingElementHandler.java:51)
at jdk.proxy2/jdk.proxy2.$Proxy21.click(Unknown Source)
at com.DMS.pageObjects.Dashboard.signOnlineTestReport(Dashboard.java:103)
at com.DMS.testCases.TC_016_Dashboard.signOnlineTestReport(TC_016_Dashboard.java:45)
at java.base/jdk.internal.reflect.NativeMethodAccessorImpl.invoke0(Native Method)
at java.base/jdk.internal.reflect.NativeMethodAccessorImpl.invoke(NativeMethodAccessorImpl.java:77)
at java.base/jdk.internal.reflect.DelegatingMethodAccessorImpl.invoke(DelegatingMethodAccessorImpl.java:43)
at java.base/java.lang.reflect.Method.invoke(Method.java:568)
at org.testng.internal.invokers.MethodInvocationHelper.invokeMethod(MethodInvocationHelper.java:139)
at org.testng.internal.invokers.TestInvoker.invokeMethod(TestInvoker.java:664)
at org.testng.internal.invokers.TestInvoker.invokeTestMethod(TestInvoker.java:227)
at org.testng.internal.invokers.MethodRunner.runInSequence(MethodRunner.java:50)
at org.testng.internal.invokers.TestInvoker$MethodInvocationAgent.invoke(TestInvoker.java:957)
at org.testng.internal.invokers.TestInvoker.invokeTestMethods(TestInvoker.java:200)
at org.testng.internal.invokers.TestMethodWorker.invokeTestMethods(TestMethodWorker.java:148)
at org.testng.internal.invokers.TestMethodWorker.run(TestMethodWorker.java:128)
at java.base/java.util.ArrayList.forEach(ArrayList.java:1511)
at org.testng.TestRunner.privateRun(TestRunner.java:848)
at org.testng.TestRunner.run(TestRunner.java:621)
at org.testng.SuiteRunner.runTest(SuiteRunner.java:443)
at org.testng.SuiteRunner.runSequentially(SuiteRunner.java:437)
at org.testng.SuiteRunner.privateRun(SuiteRunner.java:397)
at org.testng.SuiteRunner.run(SuiteRunner.java:336)
at org.testng.SuiteRunnerWorker.runSuite(SuiteRunnerWorker.java:52)
at org.testng.SuiteRunnerWorker.run(SuiteRunnerWorker.java:95)
at org.testng.TestNG.runSuitesSequentially(TestNG.java:1280)
at org.testng.TestNG.runSuitesLocally(TestNG.java:1200)
at org.testng.TestNG.runSuites(TestNG.java:1114)
at org.testng.TestNG.run(TestNG.java:1082)
at org.testng.remote.AbstractRemoteTestNG.run(AbstractRemoteTestNG.java:115)
at org.testng.remote.RemoteTestNG.initAndRun(RemoteTestNG.java:251)
at org.testng.remote.RemoteTestNG.main(RemoteTestNG.java:77)
]]>
            </full-stacktrace>
          </exception> <!-- org.openqa.selenium.ElementClickInterceptedException -->
          <reporter-output>
          </reporter-output>
        </test-method> <!-- signOnlineTestReport -->
      </class> <!-- com.DMS.testCases.TC_016_Dashboard -->
    </test> <!-- DMS App Test -->
  </suite> <!-- DMS Application -->
</testng-results>
