<html>
<head>
<title>TestNG:  DMS App Test</title>
<link href="../testng.css" rel="stylesheet" type="text/css" />
<link href="../my-testng.css" rel="stylesheet" type="text/css" />

<style type="text/css">
.log { display: none;} 
.stack-trace { display: none;} 
</style>
<script type="text/javascript">
<!--
function flip(e) {
  current = e.style.display;
  if (current == 'block') {
    e.style.display = 'none';
    return 0;
  }
  else {
    e.style.display = 'block';
    return 1;
  }
}

function toggleBox(szDivId, elem, msg1, msg2)
{
  var res = -1;  if (document.getElementById) {
    res = flip(document.getElementById(szDivId));
  }
  else if (document.all) {
    // this is the way old msie versions work
    res = flip(document.all[szDivId]);
  }
  if(elem) {
    if(res == 0) elem.innerHTML = msg1; else elem.innerHTML = msg2;
  }

}

function toggleAllBoxes() {
  if (document.getElementsByTagName) {
    d = document.getElementsByTagName('div');
    for (i = 0; i < d.length; i++) {
      if (d[i].className == 'log') {
        flip(d[i]);
      }
    }
  }
}

// -->
</script>

</head>
<body>
<h2 align='center'>DMS App Test</h2><table border='1' align="center">
<tr>
<td>Tests passed/Failed/Skipped:</td><td>101/3/0</td>
</tr><tr>
<td>Started on:</td><td>Sun Jan 07 18:29:50 IST 2024</td>
</tr>
<tr><td>Total time:</td><td>2547 seconds (2547588 ms)</td>
</tr><tr>
<td>Included groups:</td><td></td>
</tr><tr>
<td>Excluded groups:</td><td></td>
</tr>
</table><p/>
<small><i>(Hover the method name to see the test class name)</i></small><p/>
<table width='100%' border='1' class='invocation-failed'>
<tr><td colspan='4' align='center'><b>FAILED TESTS</b></td></tr>
<tr><td><b>Test method</b></td>
<td><b>Attribute(s)</b></td>
<td width="30%"><b>Exception</b></td>
<td width="10%"><b>Time (seconds)</b></td>
<td><b>Instance</b></td>
</tr>
<tr>
<td title='com.DMS.testCases.TC_016_Dashboard.signProcessTrainingAcknowledgement()'><b>signProcessTrainingAcknowledgement</b><br>Test class: com.DMS.testCases.TC_016_Dashboard<br>Test method: Sign process training acknowledgement</td>
<td><div><pre>org.openqa.selenium.UnhandledAlertException: unexpected alert open: {Alert text : The document you are trying to access is currently archived!}
  (Session info: chrome=120.0.6099.199): The document you are trying to access is currently archived!
Build info: version: &apos;4.13.0&apos;, revision: &apos;ba948ece5b*&apos;
System info: os.name: &apos;Windows 10&apos;, os.arch: &apos;amd64&apos;, os.version: &apos;10.0&apos;, java.version: &apos;17.0.6&apos;
Driver info: org.openqa.selenium.chrome.ChromeDriver
Command: [9317d290472a4f5f881170e5207e938f, executeScript {script=window.scrollBy(0,300), args=[]}]
Capabilities {acceptInsecureCerts: false, browserName: chrome, browserVersion: 120.0.6099.199, chrome: {chromedriverVersion: 120.0.6099.109 (3419140ab66..., userDataDir: C:\Users\lenovo\AppData\Loc...}, fedcm:accounts: true, goog:chromeOptions: {debuggerAddress: localhost:56274}, networkConnectionEnabled: false, pageLoadStrategy: normal, platformName: windows, proxy: Proxy(), se:cdp: ws://localhost:56274/devtoo..., se:cdpVersion: 120.0.6099.199, setWindowRect: true, strictFileInteractability: false, timeouts: {implicit: 0, pageLoad: 300000, script: 30000}, unhandledPromptBehavior: dismiss and notify, webauthn:extension:credBlob: true, webauthn:extension:largeBlob: true, webauthn:extension:minPinLength: true, webauthn:extension:prf: true, webauthn:virtualAuthenticators: true}
Session ID: 9317d290472a4f5f881170e5207e938f
	at org.openqa.selenium.remote.codec.w3c.W3CHttpResponseCodec.decode(W3CHttpResponseCodec.java:131)
	at org.openqa.selenium.remote.codec.w3c.W3CHttpResponseCodec.decode(W3CHttpResponseCodec.java:52)
	at org.openqa.selenium.remote.HttpCommandExecutor.execute(HttpCommandExecutor.java:191)
	at org.openqa.selenium.remote.service.DriverCommandExecutor.invokeExecute(DriverCommandExecutor.java:196)
	at org.openqa.selenium.remote.service.DriverCommandExecutor.execute(DriverCommandExecutor.java:171)
	at org.openqa.selenium.remote.RemoteWebDriver.execute(RemoteWebDriver.java:602)
	at org.openqa.selenium.remote.RemoteWebDriver.executeScript(RemoteWebDriver.java:467)
	at com.DMS.pageObjects.Dashboard.signProcessTrainingAcknowledgement(Dashboard.java:138)
	at com.DMS.testCases.TC_016_Dashboard.signProcessTrainingAcknowledgement(TC_016_Dashboard.java:36)
	at java.base/java.util.ArrayList.forEach(ArrayList.java:1511)
... Removed 27 stack frames</pre></div><a href='#' onClick='toggleBox("stack-trace400484857", this, "Click to show all stack frames", "Click to hide stack frames")'>Click to show all stack frames</a>
<div class='stack-trace' id='stack-trace400484857'><pre>org.openqa.selenium.UnhandledAlertException: unexpected alert open: {Alert text : The document you are trying to access is currently archived!}
  (Session info: chrome=120.0.6099.199): The document you are trying to access is currently archived!
Build info: version: &apos;4.13.0&apos;, revision: &apos;ba948ece5b*&apos;
System info: os.name: &apos;Windows 10&apos;, os.arch: &apos;amd64&apos;, os.version: &apos;10.0&apos;, java.version: &apos;17.0.6&apos;
Driver info: org.openqa.selenium.chrome.ChromeDriver
Command: [9317d290472a4f5f881170e5207e938f, executeScript {script=window.scrollBy(0,300), args=[]}]
Capabilities {acceptInsecureCerts: false, browserName: chrome, browserVersion: 120.0.6099.199, chrome: {chromedriverVersion: 120.0.6099.109 (3419140ab66..., userDataDir: C:\Users\lenovo\AppData\Loc...}, fedcm:accounts: true, goog:chromeOptions: {debuggerAddress: localhost:56274}, networkConnectionEnabled: false, pageLoadStrategy: normal, platformName: windows, proxy: Proxy(), se:cdp: ws://localhost:56274/devtoo..., se:cdpVersion: 120.0.6099.199, setWindowRect: true, strictFileInteractability: false, timeouts: {implicit: 0, pageLoad: 300000, script: 30000}, unhandledPromptBehavior: dismiss and notify, webauthn:extension:credBlob: true, webauthn:extension:largeBlob: true, webauthn:extension:minPinLength: true, webauthn:extension:prf: true, webauthn:virtualAuthenticators: true}
Session ID: 9317d290472a4f5f881170e5207e938f
	at org.openqa.selenium.remote.codec.w3c.W3CHttpResponseCodec.decode(W3CHttpResponseCodec.java:131)
	at org.openqa.selenium.remote.codec.w3c.W3CHttpResponseCodec.decode(W3CHttpResponseCodec.java:52)
	at org.openqa.selenium.remote.HttpCommandExecutor.execute(HttpCommandExecutor.java:191)
	at org.openqa.selenium.remote.service.DriverCommandExecutor.invokeExecute(DriverCommandExecutor.java:196)
	at org.openqa.selenium.remote.service.DriverCommandExecutor.execute(DriverCommandExecutor.java:171)
	at org.openqa.selenium.remote.RemoteWebDriver.execute(RemoteWebDriver.java:602)
	at org.openqa.selenium.remote.RemoteWebDriver.executeScript(RemoteWebDriver.java:467)
	at com.DMS.pageObjects.Dashboard.signProcessTrainingAcknowledgement(Dashboard.java:138)
	at com.DMS.testCases.TC_016_Dashboard.signProcessTrainingAcknowledgement(TC_016_Dashboard.java:36)
	at java.base/jdk.internal.reflect.NativeMethodAccessorImpl.invoke0(Native Method)
	at java.base/jdk.internal.reflect.NativeMethodAccessorImpl.invoke(NativeMethodAccessorImpl.java:77)
	at java.base/jdk.internal.reflect.DelegatingMethodAccessorImpl.invoke(DelegatingMethodAccessorImpl.java:43)
	at java.base/java.lang.reflect.Method.invoke(Method.java:568)
	at org.testng.internal.invokers.MethodInvocationHelper.invokeMethod(MethodInvocationHelper.java:139)
	at org.testng.internal.invokers.TestInvoker.invokeMethod(TestInvoker.java:664)
	at org.testng.internal.invokers.TestInvoker.invokeTestMethod(TestInvoker.java:227)
	at org.testng.internal.invokers.MethodRunner.runInSequence(MethodRunner.java:50)
	at org.testng.internal.invokers.TestInvoker$MethodInvocationAgent.invoke(TestInvoker.java:957)
	at org.testng.internal.invokers.TestInvoker.invokeTestMethods(TestInvoker.java:200)
	at org.testng.internal.invokers.TestMethodWorker.invokeTestMethods(TestMethodWorker.java:148)
	at org.testng.internal.invokers.TestMethodWorker.run(TestMethodWorker.java:128)
	at java.base/java.util.ArrayList.forEach(ArrayList.java:1511)
	at org.testng.TestRunner.privateRun(TestRunner.java:848)
	at org.testng.TestRunner.run(TestRunner.java:621)
	at org.testng.SuiteRunner.runTest(SuiteRunner.java:443)
	at org.testng.SuiteRunner.runSequentially(SuiteRunner.java:437)
	at org.testng.SuiteRunner.privateRun(SuiteRunner.java:397)
	at org.testng.SuiteRunner.run(SuiteRunner.java:336)
	at org.testng.SuiteRunnerWorker.runSuite(SuiteRunnerWorker.java:52)
	at org.testng.SuiteRunnerWorker.run(SuiteRunnerWorker.java:95)
	at org.testng.TestNG.runSuitesSequentially(TestNG.java:1280)
	at org.testng.TestNG.runSuitesLocally(TestNG.java:1200)
	at org.testng.TestNG.runSuites(TestNG.java:1114)
	at org.testng.TestNG.run(TestNG.java:1082)
	at org.testng.remote.AbstractRemoteTestNG.run(AbstractRemoteTestNG.java:115)
	at org.testng.remote.RemoteTestNG.initAndRun(RemoteTestNG.java:251)
	at org.testng.remote.RemoteTestNG.main(RemoteTestNG.java:77)
</pre></div></td>
<td>2</td>
<td>com.DMS.testCases.TC_016_Dashboard@5340477f</td></tr>
<tr>
<td title='com.DMS.testCases.TC_016_Dashboard.signDocument()'><b>signDocument</b><br>Test class: com.DMS.testCases.TC_016_Dashboard<br>Test method: Sign document</td>
<td><div><pre>org.openqa.selenium.NoSuchElementException: Unable to find element with locator By.xpath: //body[1]/div[1]/div[1]/div[1]/div[1]/div[1]/div[3]/div[1]/div[1]/div[1]/div[1]/div[3]/div[1]/img[1]
For documentation on this error, please visit: https://www.selenium.dev/documentation/webdriver/troubleshooting/errors#no-such-element-exception
Build info: version: &apos;4.13.0&apos;, revision: &apos;ba948ece5b*&apos;
System info: os.name: &apos;Windows 10&apos;, os.arch: &apos;amd64&apos;, os.version: &apos;10.0&apos;, java.version: &apos;17.0.6&apos;
Driver info: driver.version: RemoteWebDriver
	at org.openqa.selenium.remote.ElementLocation$ElementFinder$2.findElement(ElementLocation.java:168)
	at org.openqa.selenium.remote.ElementLocation.findElement(ElementLocation.java:59)
	at org.openqa.selenium.remote.RemoteWebDriver.findElement(RemoteWebDriver.java:359)
	at org.openqa.selenium.remote.RemoteWebDriver.findElement(RemoteWebDriver.java:353)
	at org.openqa.selenium.support.pagefactory.DefaultElementLocator.findElement(DefaultElementLocator.java:68)
	at org.openqa.selenium.support.pagefactory.internal.LocatingElementHandler.invoke(LocatingElementHandler.java:38)
	at jdk.proxy2/jdk.proxy2.$Proxy21.click(Unknown Source)
	at com.DMS.pageObjects.Dashboard.signDocument(Dashboard.java:249)
	at com.DMS.testCases.TC_016_Dashboard.signDocument(TC_016_Dashboard.java:27)
	at java.base/java.util.ArrayList.forEach(ArrayList.java:1511)
... Removed 27 stack frames</pre></div><a href='#' onClick='toggleBox("stack-trace671926592", this, "Click to show all stack frames", "Click to hide stack frames")'>Click to show all stack frames</a>
<div class='stack-trace' id='stack-trace671926592'><pre>org.openqa.selenium.NoSuchElementException: Unable to find element with locator By.xpath: //body[1]/div[1]/div[1]/div[1]/div[1]/div[1]/div[3]/div[1]/div[1]/div[1]/div[1]/div[3]/div[1]/img[1]
For documentation on this error, please visit: https://www.selenium.dev/documentation/webdriver/troubleshooting/errors#no-such-element-exception
Build info: version: &apos;4.13.0&apos;, revision: &apos;ba948ece5b*&apos;
System info: os.name: &apos;Windows 10&apos;, os.arch: &apos;amd64&apos;, os.version: &apos;10.0&apos;, java.version: &apos;17.0.6&apos;
Driver info: driver.version: RemoteWebDriver
	at org.openqa.selenium.remote.ElementLocation$ElementFinder$2.findElement(ElementLocation.java:168)
	at org.openqa.selenium.remote.ElementLocation.findElement(ElementLocation.java:59)
	at org.openqa.selenium.remote.RemoteWebDriver.findElement(RemoteWebDriver.java:359)
	at org.openqa.selenium.remote.RemoteWebDriver.findElement(RemoteWebDriver.java:353)
	at org.openqa.selenium.support.pagefactory.DefaultElementLocator.findElement(DefaultElementLocator.java:68)
	at org.openqa.selenium.support.pagefactory.internal.LocatingElementHandler.invoke(LocatingElementHandler.java:38)
	at jdk.proxy2/jdk.proxy2.$Proxy21.click(Unknown Source)
	at com.DMS.pageObjects.Dashboard.signDocument(Dashboard.java:249)
	at com.DMS.testCases.TC_016_Dashboard.signDocument(TC_016_Dashboard.java:27)
	at java.base/jdk.internal.reflect.NativeMethodAccessorImpl.invoke0(Native Method)
	at java.base/jdk.internal.reflect.NativeMethodAccessorImpl.invoke(NativeMethodAccessorImpl.java:77)
	at java.base/jdk.internal.reflect.DelegatingMethodAccessorImpl.invoke(DelegatingMethodAccessorImpl.java:43)
	at java.base/java.lang.reflect.Method.invoke(Method.java:568)
	at org.testng.internal.invokers.MethodInvocationHelper.invokeMethod(MethodInvocationHelper.java:139)
	at org.testng.internal.invokers.TestInvoker.invokeMethod(TestInvoker.java:664)
	at org.testng.internal.invokers.TestInvoker.invokeTestMethod(TestInvoker.java:227)
	at org.testng.internal.invokers.MethodRunner.runInSequence(MethodRunner.java:50)
	at org.testng.internal.invokers.TestInvoker$MethodInvocationAgent.invoke(TestInvoker.java:957)
	at org.testng.internal.invokers.TestInvoker.invokeTestMethods(TestInvoker.java:200)
	at org.testng.internal.invokers.TestMethodWorker.invokeTestMethods(TestMethodWorker.java:148)
	at org.testng.internal.invokers.TestMethodWorker.run(TestMethodWorker.java:128)
	at java.base/java.util.ArrayList.forEach(ArrayList.java:1511)
	at org.testng.TestRunner.privateRun(TestRunner.java:848)
	at org.testng.TestRunner.run(TestRunner.java:621)
	at org.testng.SuiteRunner.runTest(SuiteRunner.java:443)
	at org.testng.SuiteRunner.runSequentially(SuiteRunner.java:437)
	at org.testng.SuiteRunner.privateRun(SuiteRunner.java:397)
	at org.testng.SuiteRunner.run(SuiteRunner.java:336)
	at org.testng.SuiteRunnerWorker.runSuite(SuiteRunnerWorker.java:52)
	at org.testng.SuiteRunnerWorker.run(SuiteRunnerWorker.java:95)
	at org.testng.TestNG.runSuitesSequentially(TestNG.java:1280)
	at org.testng.TestNG.runSuitesLocally(TestNG.java:1200)
	at org.testng.TestNG.runSuites(TestNG.java:1114)
	at org.testng.TestNG.run(TestNG.java:1082)
	at org.testng.remote.AbstractRemoteTestNG.run(AbstractRemoteTestNG.java:115)
	at org.testng.remote.RemoteTestNG.initAndRun(RemoteTestNG.java:251)
	at org.testng.remote.RemoteTestNG.main(RemoteTestNG.java:77)
</pre></div></td>
<td>49</td>
<td>com.DMS.testCases.TC_016_Dashboard@5340477f</td></tr>
<tr>
<td title='com.DMS.testCases.TC_016_Dashboard.signOnlineTestReport()'><b>signOnlineTestReport</b><br>Test class: com.DMS.testCases.TC_016_Dashboard<br>Test method: Sign online test report</td>
<td><div><pre>org.openqa.selenium.ElementClickInterceptedException: element click intercepted: Element is not clickable at point (1244, 635)
  (Session info: chrome=120.0.6099.199)
Build info: version: &apos;4.13.0&apos;, revision: &apos;ba948ece5b*&apos;
System info: os.name: &apos;Windows 10&apos;, os.arch: &apos;amd64&apos;, os.version: &apos;10.0&apos;, java.version: &apos;17.0.6&apos;
Driver info: org.openqa.selenium.chrome.ChromeDriver
Command: [9317d290472a4f5f881170e5207e938f, clickElement {id=7F49644A80A9EF80D50E146DA7B260F3_element_5785}]
Capabilities {acceptInsecureCerts: false, browserName: chrome, browserVersion: 120.0.6099.199, chrome: {chromedriverVersion: 120.0.6099.109 (3419140ab66..., userDataDir: C:\Users\lenovo\AppData\Loc...}, fedcm:accounts: true, goog:chromeOptions: {debuggerAddress: localhost:56274}, networkConnectionEnabled: false, pageLoadStrategy: normal, platformName: windows, proxy: Proxy(), se:cdp: ws://localhost:56274/devtoo..., se:cdpVersion: 120.0.6099.199, setWindowRect: true, strictFileInteractability: false, timeouts: {implicit: 0, pageLoad: 300000, script: 30000}, unhandledPromptBehavior: dismiss and notify, webauthn:extension:credBlob: true, webauthn:extension:largeBlob: true, webauthn:extension:minPinLength: true, webauthn:extension:prf: true, webauthn:virtualAuthenticators: true}
Element: [[ChromeDriver: chrome on windows (9317d290472a4f5f881170e5207e938f)] -&gt; xpath: //body[1]/div[1]/div[1]/div[1]/div[1]/div[1]/div[3]/div[1]/div[1]/div[4]/div[1]/div[2]/div[1]/table[1]/tbody[1]/tr[1]/td[3]/i[1]]
Session ID: 9317d290472a4f5f881170e5207e938f
	at org.openqa.selenium.remote.codec.w3c.W3CHttpResponseCodec.createException(W3CHttpResponseCodec.java:200)
	at org.openqa.selenium.remote.codec.w3c.W3CHttpResponseCodec.decode(W3CHttpResponseCodec.java:133)
	at org.openqa.selenium.remote.codec.w3c.W3CHttpResponseCodec.decode(W3CHttpResponseCodec.java:52)
	at org.openqa.selenium.remote.HttpCommandExecutor.execute(HttpCommandExecutor.java:191)
	at org.openqa.selenium.remote.service.DriverCommandExecutor.invokeExecute(DriverCommandExecutor.java:196)
	at org.openqa.selenium.remote.service.DriverCommandExecutor.execute(DriverCommandExecutor.java:171)
	at org.openqa.selenium.remote.RemoteWebDriver.execute(RemoteWebDriver.java:602)
	at org.openqa.selenium.remote.RemoteWebElement.execute(RemoteWebElement.java:224)
	at org.openqa.selenium.remote.RemoteWebElement.click(RemoteWebElement.java:77)
	at org.openqa.selenium.support.pagefactory.internal.LocatingElementHandler.invoke(LocatingElementHandler.java:51)
	at jdk.proxy2/jdk.proxy2.$Proxy21.click(Unknown Source)
	at com.DMS.pageObjects.Dashboard.signOnlineTestReport(Dashboard.java:103)
	at com.DMS.testCases.TC_016_Dashboard.signOnlineTestReport(TC_016_Dashboard.java:45)
	at java.base/java.util.ArrayList.forEach(ArrayList.java:1511)
... Removed 35 stack frames</pre></div><a href='#' onClick='toggleBox("stack-trace200704889", this, "Click to show all stack frames", "Click to hide stack frames")'>Click to show all stack frames</a>
<div class='stack-trace' id='stack-trace200704889'><pre>org.openqa.selenium.ElementClickInterceptedException: element click intercepted: Element is not clickable at point (1244, 635)
  (Session info: chrome=120.0.6099.199)
Build info: version: &apos;4.13.0&apos;, revision: &apos;ba948ece5b*&apos;
System info: os.name: &apos;Windows 10&apos;, os.arch: &apos;amd64&apos;, os.version: &apos;10.0&apos;, java.version: &apos;17.0.6&apos;
Driver info: org.openqa.selenium.chrome.ChromeDriver
Command: [9317d290472a4f5f881170e5207e938f, clickElement {id=7F49644A80A9EF80D50E146DA7B260F3_element_5785}]
Capabilities {acceptInsecureCerts: false, browserName: chrome, browserVersion: 120.0.6099.199, chrome: {chromedriverVersion: 120.0.6099.109 (3419140ab66..., userDataDir: C:\Users\lenovo\AppData\Loc...}, fedcm:accounts: true, goog:chromeOptions: {debuggerAddress: localhost:56274}, networkConnectionEnabled: false, pageLoadStrategy: normal, platformName: windows, proxy: Proxy(), se:cdp: ws://localhost:56274/devtoo..., se:cdpVersion: 120.0.6099.199, setWindowRect: true, strictFileInteractability: false, timeouts: {implicit: 0, pageLoad: 300000, script: 30000}, unhandledPromptBehavior: dismiss and notify, webauthn:extension:credBlob: true, webauthn:extension:largeBlob: true, webauthn:extension:minPinLength: true, webauthn:extension:prf: true, webauthn:virtualAuthenticators: true}
Element: [[ChromeDriver: chrome on windows (9317d290472a4f5f881170e5207e938f)] -&gt; xpath: //body[1]/div[1]/div[1]/div[1]/div[1]/div[1]/div[3]/div[1]/div[1]/div[4]/div[1]/div[2]/div[1]/table[1]/tbody[1]/tr[1]/td[3]/i[1]]
Session ID: 9317d290472a4f5f881170e5207e938f
	at java.base/jdk.internal.reflect.NativeConstructorAccessorImpl.newInstance0(Native Method)
	at java.base/jdk.internal.reflect.NativeConstructorAccessorImpl.newInstance(NativeConstructorAccessorImpl.java:77)
	at java.base/jdk.internal.reflect.DelegatingConstructorAccessorImpl.newInstance(DelegatingConstructorAccessorImpl.java:45)
	at java.base/java.lang.reflect.Constructor.newInstanceWithCaller(Constructor.java:499)
	at java.base/java.lang.reflect.Constructor.newInstance(Constructor.java:480)
	at org.openqa.selenium.remote.codec.w3c.W3CHttpResponseCodec.createException(W3CHttpResponseCodec.java:200)
	at org.openqa.selenium.remote.codec.w3c.W3CHttpResponseCodec.decode(W3CHttpResponseCodec.java:133)
	at org.openqa.selenium.remote.codec.w3c.W3CHttpResponseCodec.decode(W3CHttpResponseCodec.java:52)
	at org.openqa.selenium.remote.HttpCommandExecutor.execute(HttpCommandExecutor.java:191)
	at org.openqa.selenium.remote.service.DriverCommandExecutor.invokeExecute(DriverCommandExecutor.java:196)
	at org.openqa.selenium.remote.service.DriverCommandExecutor.execute(DriverCommandExecutor.java:171)
	at org.openqa.selenium.remote.RemoteWebDriver.execute(RemoteWebDriver.java:602)
	at org.openqa.selenium.remote.RemoteWebElement.execute(RemoteWebElement.java:224)
	at org.openqa.selenium.remote.RemoteWebElement.click(RemoteWebElement.java:77)
	at jdk.internal.reflect.GeneratedMethodAccessor7.invoke(Unknown Source)
	at java.base/jdk.internal.reflect.DelegatingMethodAccessorImpl.invoke(DelegatingMethodAccessorImpl.java:43)
	at java.base/java.lang.reflect.Method.invoke(Method.java:568)
	at org.openqa.selenium.support.pagefactory.internal.LocatingElementHandler.invoke(LocatingElementHandler.java:51)
	at jdk.proxy2/jdk.proxy2.$Proxy21.click(Unknown Source)
	at com.DMS.pageObjects.Dashboard.signOnlineTestReport(Dashboard.java:103)
	at com.DMS.testCases.TC_016_Dashboard.signOnlineTestReport(TC_016_Dashboard.java:45)
	at java.base/jdk.internal.reflect.NativeMethodAccessorImpl.invoke0(Native Method)
	at java.base/jdk.internal.reflect.NativeMethodAccessorImpl.invoke(NativeMethodAccessorImpl.java:77)
	at java.base/jdk.internal.reflect.DelegatingMethodAccessorImpl.invoke(DelegatingMethodAccessorImpl.java:43)
	at java.base/java.lang.reflect.Method.invoke(Method.java:568)
	at org.testng.internal.invokers.MethodInvocationHelper.invokeMethod(MethodInvocationHelper.java:139)
	at org.testng.internal.invokers.TestInvoker.invokeMethod(TestInvoker.java:664)
	at org.testng.internal.invokers.TestInvoker.invokeTestMethod(TestInvoker.java:227)
	at org.testng.internal.invokers.MethodRunner.runInSequence(MethodRunner.java:50)
	at org.testng.internal.invokers.TestInvoker$MethodInvocationAgent.invoke(TestInvoker.java:957)
	at org.testng.internal.invokers.TestInvoker.invokeTestMethods(TestInvoker.java:200)
	at org.testng.internal.invokers.TestMethodWorker.invokeTestMethods(TestMethodWorker.java:148)
	at org.testng.internal.invokers.TestMethodWorker.run(TestMethodWorker.java:128)
	at java.base/java.util.ArrayList.forEach(ArrayList.java:1511)
	at org.testng.TestRunner.privateRun(TestRunner.java:848)
	at org.testng.TestRunner.run(TestRunner.java:621)
	at org.testng.SuiteRunner.runTest(SuiteRunner.java:443)
	at org.testng.SuiteRunner.runSequentially(SuiteRunner.java:437)
	at org.testng.SuiteRunner.privateRun(SuiteRunner.java:397)
	at org.testng.SuiteRunner.run(SuiteRunner.java:336)
	at org.testng.SuiteRunnerWorker.runSuite(SuiteRunnerWorker.java:52)
	at org.testng.SuiteRunnerWorker.run(SuiteRunnerWorker.java:95)
	at org.testng.TestNG.runSuitesSequentially(TestNG.java:1280)
	at org.testng.TestNG.runSuitesLocally(TestNG.java:1200)
	at org.testng.TestNG.runSuites(TestNG.java:1114)
	at org.testng.TestNG.run(TestNG.java:1082)
	at org.testng.remote.AbstractRemoteTestNG.run(AbstractRemoteTestNG.java:115)
	at org.testng.remote.RemoteTestNG.initAndRun(RemoteTestNG.java:251)
	at org.testng.remote.RemoteTestNG.main(RemoteTestNG.java:77)
</pre></div></td>
<td>3</td>
<td>com.DMS.testCases.TC_016_Dashboard@5340477f</td></tr>
</table><p>
<table width='100%' border='1' class='invocation-passed'>
<tr><td colspan='4' align='center'><b>PASSED TESTS</b></td></tr>
<tr><td><b>Test method</b></td>
<td><b>Attribute(s)</b></td>
<td width="30%"><b>Exception</b></td>
<td width="10%"><b>Time (seconds)</b></td>
<td><b>Instance</b></td>
</tr>
<tr>
<td title='com.DMS.testCases.TC_007_Departments.document_Share()'><b>document_Share</b><br>Test class: com.DMS.testCases.TC_007_Departments<br>Test method: Share the document</td>
<td></td>
<td>17</td>
<td>com.DMS.testCases.TC_007_Departments@20b2475a</td></tr>
<tr>
<td title='com.DMS.testCases.TC_007_Departments.document_Archive()'><b>document_Archive</b><br>Test class: com.DMS.testCases.TC_007_Departments<br>Test method: Archive the document</td>
<td></td>
<td>12</td>
<td>com.DMS.testCases.TC_007_Departments@20b2475a</td></tr>
<tr>
<td title='com.DMS.testCases.TC_008_MyFiles.setApprover_Document()'><b>setApprover_Document</b><br>Test class: com.DMS.testCases.TC_008_MyFiles<br>Test method: Set approver to the document</td>
<td></td>
<td>13</td>
<td>com.DMS.testCases.TC_008_MyFiles@7857fe2</td></tr>
<tr>
<td title='com.DMS.testCases.TC_012_TestResult.downloadTest()'><b>downloadTest</b><br>Test class: com.DMS.testCases.TC_012_TestResult<br>Test method: Download test details</td>
<td></td>
<td>17</td>
<td>com.DMS.testCases.TC_012_TestResult@58e1d9d</td></tr>
<tr>
<td title='com.DMS.testCases.TC_007_Departments.MainFolder_Delete()'><b>MainFolder_Delete</b><br>Test class: com.DMS.testCases.TC_007_Departments<br>Test method: Delete the folder</td>
<td></td>
<td>17</td>
<td>com.DMS.testCases.TC_007_Departments@20b2475a</td></tr>
<tr>
<td title='com.DMS.testCases.TC_013_TrainingPlan.sign_TrainingPlanForApproval()'><b>sign_TrainingPlanForApproval</b><br>Test class: com.DMS.testCases.TC_013_TrainingPlan<br>Test method: Sign the completed training plan</td>
<td></td>
<td>34</td>
<td>com.DMS.testCases.TC_013_TrainingPlan@446a1e84</td></tr>
<tr>
<td title='com.DMS.testCases.TC_007_Departments.setApprover_Document()'><b>setApprover_Document</b><br>Test class: com.DMS.testCases.TC_007_Departments<br>Test method: Set approvers to the document</td>
<td></td>
<td>13</td>
<td>com.DMS.testCases.TC_007_Departments@20b2475a</td></tr>
<tr>
<td title='com.DMS.testCases.TC_009_Projects.devMainFolderDelete()'><b>devMainFolderDelete</b><br>Test class: com.DMS.testCases.TC_009_Projects<br>Test method: Delete the folder</td>
<td></td>
<td>14</td>
<td>com.DMS.testCases.TC_009_Projects@6f15d60e</td></tr>
<tr>
<td title='com.DMS.testCases.TC_011_ConfigOnlineTest.viewTest()'><b>viewTest</b><br>Test class: com.DMS.testCases.TC_011_ConfigOnlineTest<br>Test method: View test</td>
<td></td>
<td>17</td>
<td>com.DMS.testCases.TC_011_ConfigOnlineTest@29d80d2b</td></tr>
<tr>
<td title='com.DMS.testCases.TC_009_Projects.createUser()'><b>createUser</b><br>Test class: com.DMS.testCases.TC_009_Projects<br>Test method: Create the user</td>
<td></td>
<td>20</td>
<td>com.DMS.testCases.TC_009_Projects@6f15d60e</td></tr>
<tr>
<td title='com.DMS.testCases.TC_007_Departments.signersEdit()'><b>signersEdit</b><br>Test class: com.DMS.testCases.TC_007_Departments<br>Test method: Edit signers</td>
<td></td>
<td>16</td>
<td>com.DMS.testCases.TC_007_Departments@20b2475a</td></tr>
<tr>
<td title='com.DMS.testCases.TC_013_TrainingPlan.addTrainingPlan_MyTrainingPlan()'><b>addTrainingPlan_MyTrainingPlan</b><br>Test class: com.DMS.testCases.TC_013_TrainingPlan<br>Test method: Add my training plan</td>
<td></td>
<td>30</td>
<td>com.DMS.testCases.TC_013_TrainingPlan@446a1e84</td></tr>
<tr>
<td title='com.DMS.testCases.TC_015_TrainingAcknowledgement.sign_MyTraining()'><b>sign_MyTraining</b><br>Test class: com.DMS.testCases.TC_015_TrainingAcknowledgement<br>Test method: Sign the SOP training form</td>
<td></td>
<td>32</td>
<td>com.DMS.testCases.TC_015_TrainingAcknowledgement@2657d4dd</td></tr>
<tr>
<td title='com.DMS.testCases.TC_008_MyFiles.mainFolderCreation()'><b>mainFolderCreation</b><br>Test class: com.DMS.testCases.TC_008_MyFiles<br>Test method: Main folder creation</td>
<td></td>
<td>17</td>
<td>com.DMS.testCases.TC_008_MyFiles@7857fe2</td></tr>
<tr>
<td title='com.DMS.testCases.TC_008_MyFiles.addSignersToTheDocument()'><b>addSignersToTheDocument</b><br>Test class: com.DMS.testCases.TC_008_MyFiles<br>Test method: Add signers to the document</td>
<td></td>
<td>38</td>
<td>com.DMS.testCases.TC_008_MyFiles@7857fe2</td></tr>
<tr>
<td title='com.DMS.testCases.TC_008_MyFiles.DeleteDocument()'><b>DeleteDocument</b><br>Test class: com.DMS.testCases.TC_008_MyFiles<br>Test method: Delete the document</td>
<td></td>
<td>12</td>
<td>com.DMS.testCases.TC_008_MyFiles@7857fe2</td></tr>
<tr>
<td title='com.DMS.testCases.TC_012_TestResult.submitExam()'><b>submitExam</b><br>Test class: com.DMS.testCases.TC_012_TestResult<br>Test method: Submit the exam</td>
<td></td>
<td>19</td>
<td>com.DMS.testCases.TC_012_TestResult@58e1d9d</td></tr>
<tr>
<td title='com.DMS.testCases.TC_007_Departments.document_Permission()'><b>document_Permission</b><br>Test class: com.DMS.testCases.TC_007_Departments<br>Test method: Set permissions to the document</td>
<td></td>
<td>17</td>
<td>com.DMS.testCases.TC_007_Departments@20b2475a</td></tr>
<tr>
<td title='com.DMS.testCases.TC_007_Departments.addSignersToTheDocument()'><b>addSignersToTheDocument</b><br>Test class: com.DMS.testCases.TC_007_Departments<br>Test method: Add signers to the document</td>
<td></td>
<td>39</td>
<td>com.DMS.testCases.TC_007_Departments@20b2475a</td></tr>
<tr>
<td title='com.DMS.testCases.TC_007_Departments.addNewVersion_Doc()'><b>addNewVersion_Doc</b><br>Test class: com.DMS.testCases.TC_007_Departments<br>Test method: Add new version</td>
<td></td>
<td>39</td>
<td>com.DMS.testCases.TC_007_Departments@20b2475a</td></tr>
<tr>
<td title='com.DMS.testCases.TC_005_Users.usersPage()'><b>usersPage</b><br>Test class: com.DMS.testCases.TC_005_Users<br>Test method: Create user</td>
<td></td>
<td>36</td>
<td>com.DMS.testCases.TC_005_Users@5db6b9cd</td></tr>
<tr>
<td title='com.DMS.testCases.TC_009_Projects.devMainFolderCreation()'><b>devMainFolderCreation</b><br>Test class: com.DMS.testCases.TC_009_Projects<br>Test method: Main folder creation</td>
<td></td>
<td>19</td>
<td>com.DMS.testCases.TC_009_Projects@6f15d60e</td></tr>
<tr>
<td title='com.DMS.testCases.TC_009_Projects.viewDocument()'><b>viewDocument</b><br>Test class: com.DMS.testCases.TC_009_Projects<br>Test method: View the document</td>
<td></td>
<td>4</td>
<td>com.DMS.testCases.TC_009_Projects@6f15d60e</td></tr>
<tr>
<td title='com.DMS.testCases.TC_009_Projects.docMainFolderPermission()'><b>docMainFolderPermission</b><br>Test class: com.DMS.testCases.TC_009_Projects<br>Test method: Set permissions to the folder</td>
<td></td>
<td>20</td>
<td>com.DMS.testCases.TC_009_Projects@6f15d60e</td></tr>
<tr>
<td title='com.DMS.testCases.TC_003_ForgotPassword.forgotPassword()'><b>forgotPassword</b><br>Test class: com.DMS.testCases.TC_003_ForgotPassword<br>Test method: Forgot Password</td>
<td></td>
<td>9</td>
<td>com.DMS.testCases.TC_003_ForgotPassword@821330f</td></tr>
<tr>
<td title='com.DMS.testCases.TC_007_Departments.mainDepartmentCreation()'><b>mainDepartmentCreation</b><br>Test class: com.DMS.testCases.TC_007_Departments<br>Test method: Create department</td>
<td></td>
<td>20</td>
<td>com.DMS.testCases.TC_007_Departments@20b2475a</td></tr>
<tr>
<td title='com.DMS.testCases.TC_004_Profile.createDigiSign()'><b>createDigiSign</b><br>Test class: com.DMS.testCases.TC_004_Profile<br>Test method: Create digi sign password</td>
<td></td>
<td>22</td>
<td>com.DMS.testCases.TC_004_Profile@6f43c82</td></tr>
<tr>
<td title='com.DMS.testCases.TC_010_DocumentApprovals.viewDocumet_Approval()'><b>viewDocumet_Approval</b><br>Test class: com.DMS.testCases.TC_010_DocumentApprovals<br>Test method: Approve the document</td>
<td></td>
<td>49</td>
<td>com.DMS.testCases.TC_010_DocumentApprovals@1be2019a</td></tr>
<tr>
<td title='com.DMS.testCases.TC_009_Projects.docMainFolderShare_ExternalUser()'><b>docMainFolderShare_ExternalUser</b><br>Test class: com.DMS.testCases.TC_009_Projects<br>Test method: Share folder to external user</td>
<td></td>
<td>13</td>
<td>com.DMS.testCases.TC_009_Projects@6f15d60e</td></tr>
<tr>
<td title='com.DMS.testCases.TC_009_Projects.approvalDoc()'><b>approvalDoc</b><br>Test class: com.DMS.testCases.TC_009_Projects<br>Test method: Set approvers to the document</td>
<td></td>
<td>12</td>
<td>com.DMS.testCases.TC_009_Projects@6f15d60e</td></tr>
<tr>
<td title='com.DMS.testCases.TC_008_MyFiles.addNewVersion()'><b>addNewVersion</b><br>Test class: com.DMS.testCases.TC_008_MyFiles<br>Test method: Add new version</td>
<td></td>
<td>37</td>
<td>com.DMS.testCases.TC_008_MyFiles@7857fe2</td></tr>
<tr>
<td title='com.DMS.testCases.TC_008_MyFiles.MainFolderArchive()'><b>MainFolderArchive</b><br>Test class: com.DMS.testCases.TC_008_MyFiles<br>Test method: Archive the folder</td>
<td></td>
<td>29</td>
<td>com.DMS.testCases.TC_008_MyFiles@7857fe2</td></tr>
<tr>
<td title='com.DMS.testCases.TC_008_MyFiles.editSigners_Document()'><b>editSigners_Document</b><br>Test class: com.DMS.testCases.TC_008_MyFiles<br>Test method: Edit signers to the document</td>
<td></td>
<td>16</td>
<td>com.DMS.testCases.TC_008_MyFiles@7857fe2</td></tr>
<tr>
<td title='com.DMS.testCases.TC_015_TrainingAcknowledgement.view_download_MyTraining()'><b>view_download_MyTraining</b><br>Test class: com.DMS.testCases.TC_015_TrainingAcknowledgement<br>Test method: Download the SOP training form</td>
<td></td>
<td>6</td>
<td>com.DMS.testCases.TC_015_TrainingAcknowledgement@2657d4dd</td></tr>
<tr>
<td title='com.DMS.testCases.TC_012_TestResult.sign_test_Supervisor()'><b>sign_test_Supervisor</b><br>Test class: com.DMS.testCases.TC_012_TestResult<br>Test method: Sign the completed test</td>
<td></td>
<td>32</td>
<td>com.DMS.testCases.TC_012_TestResult@58e1d9d</td></tr>
<tr>
<td title='com.DMS.testCases.TC_009_Projects.docArchiveDocument()'><b>docArchiveDocument</b><br>Test class: com.DMS.testCases.TC_009_Projects<br>Test method: Archive the document</td>
<td></td>
<td>16</td>
<td>com.DMS.testCases.TC_009_Projects@6f15d60e</td></tr>
<tr>
<td title='com.DMS.testCases.TC_007_Departments.MainFolder_Share()'><b>MainFolder_Share</b><br>Test class: com.DMS.testCases.TC_007_Departments<br>Test method: Share the folder</td>
<td></td>
<td>21</td>
<td>com.DMS.testCases.TC_007_Departments@20b2475a</td></tr>
<tr>
<td title='com.DMS.testCases.TC_007_Departments.document_Delete()'><b>document_Delete</b><br>Test class: com.DMS.testCases.TC_007_Departments<br>Test method: Delete the document</td>
<td></td>
<td>12</td>
<td>com.DMS.testCases.TC_007_Departments@20b2475a</td></tr>
<tr>
<td title='com.DMS.testCases.TC_006_ConfigBookmarkSign.createDocumentType()'><b>createDocumentType</b><br>Test class: com.DMS.testCases.TC_006_ConfigBookmarkSign<br>Test method: Create document type</td>
<td></td>
<td>15</td>
<td>com.DMS.testCases.TC_006_ConfigBookmarkSign@210ab13f</td></tr>
<tr>
<td title='com.DMS.testCases.TC_015_TrainingAcknowledgement.assignTraining()'><b>assignTraining</b><br>Test class: com.DMS.testCases.TC_015_TrainingAcknowledgement<br>Test method: View the SOP training form</td>
<td></td>
<td>8</td>
<td>com.DMS.testCases.TC_015_TrainingAcknowledgement@2657d4dd</td></tr>
<tr>
<td title='com.DMS.testCases.TC_009_Projects.docMainFolderDelete()'><b>docMainFolderDelete</b><br>Test class: com.DMS.testCases.TC_009_Projects<br>Test method: Delete the folder</td>
<td></td>
<td>14</td>
<td>com.DMS.testCases.TC_009_Projects@6f15d60e</td></tr>
<tr>
<td title='com.DMS.testCases.TC_006_ConfigBookmarkSign.editDocumentType()'><b>editDocumentType</b><br>Test class: com.DMS.testCases.TC_006_ConfigBookmarkSign<br>Test method: Edit document type</td>
<td></td>
<td>19</td>
<td>com.DMS.testCases.TC_006_ConfigBookmarkSign@210ab13f</td></tr>
<tr>
<td title='com.DMS.testCases.TC_009_Projects.addProjectRole()'><b>addProjectRole</b><br>Test class: com.DMS.testCases.TC_009_Projects<br>Test method: Add role to the project</td>
<td></td>
<td>11</td>
<td>com.DMS.testCases.TC_009_Projects@6f15d60e</td></tr>
<tr>
<td title='com.DMS.testCases.TC_009_Projects.docMainFolderShare()'><b>docMainFolderShare</b><br>Test class: com.DMS.testCases.TC_009_Projects<br>Test method: Share the folder</td>
<td></td>
<td>17</td>
<td>com.DMS.testCases.TC_009_Projects@6f15d60e</td></tr>
<tr>
<td title='com.DMS.testCases.TC_004_Profile.changePassword_DMS_Account()'><b>changePassword_DMS_Account</b><br>Test class: com.DMS.testCases.TC_004_Profile<br>Test method: Change password for DMS account</td>
<td></td>
<td>20</td>
<td>com.DMS.testCases.TC_004_Profile@6f43c82</td></tr>
<tr>
<td title='com.DMS.testCases.TC_011_ConfigOnlineTest.createQuestion()'><b>createQuestion</b><br>Test class: com.DMS.testCases.TC_011_ConfigOnlineTest<br>Test method: Create question</td>
<td></td>
<td>78</td>
<td>com.DMS.testCases.TC_011_ConfigOnlineTest@29d80d2b</td></tr>
<tr>
<td title='com.DMS.testCases.TC_007_Departments.UploadDocument()'><b>UploadDocument</b><br>Test class: com.DMS.testCases.TC_007_Departments<br>Test method: Upload the document</td>
<td></td>
<td>95</td>
<td>com.DMS.testCases.TC_007_Departments@20b2475a</td></tr>
<tr>
<td title='com.DMS.testCases.TC_015_TrainingAcknowledgement.sign_Verification()'><b>sign_Verification</b><br>Test class: com.DMS.testCases.TC_015_TrainingAcknowledgement<br>Test method: Sign the SOP training form</td>
<td></td>
<td>29</td>
<td>com.DMS.testCases.TC_015_TrainingAcknowledgement@2657d4dd</td></tr>
<tr>
<td title='com.DMS.testCases.TC_009_Projects.docDeletDocument()'><b>docDeletDocument</b><br>Test class: com.DMS.testCases.TC_009_Projects<br>Test method: Delete the document</td>
<td></td>
<td>11</td>
<td>com.DMS.testCases.TC_009_Projects@6f15d60e</td></tr>
<tr>
<td title='com.DMS.testCases.TC_005_Users.delete()'><b>delete</b><br>Test class: com.DMS.testCases.TC_005_Users<br>Test method: Delete user</td>
<td></td>
<td>10</td>
<td>com.DMS.testCases.TC_005_Users@5db6b9cd</td></tr>
<tr>
<td title='com.DMS.testCases.TC_009_Projects.docMainFolderArchive()'><b>docMainFolderArchive</b><br>Test class: com.DMS.testCases.TC_009_Projects<br>Test method: Archive the folder</td>
<td></td>
<td>23</td>
<td>com.DMS.testCases.TC_009_Projects@6f15d60e</td></tr>
<tr>
<td title='com.DMS.testCases.TC_009_Projects.docPermissionDocument()'><b>docPermissionDocument</b><br>Test class: com.DMS.testCases.TC_009_Projects<br>Test method: Set permissions to the document</td>
<td></td>
<td>14</td>
<td>com.DMS.testCases.TC_009_Projects@6f15d60e</td></tr>
<tr>
<td title='com.DMS.testCases.TC_012_TestResult.signTest_Initiator()'><b>signTest_Initiator</b><br>Test class: com.DMS.testCases.TC_012_TestResult<br>Test method: Sign the completed test</td>
<td></td>
<td>28</td>
<td>com.DMS.testCases.TC_012_TestResult@58e1d9d</td></tr>
<tr>
<td title='com.DMS.testCases.TC_008_MyFiles.MainFolderDelete()'><b>MainFolderDelete</b><br>Test class: com.DMS.testCases.TC_008_MyFiles<br>Test method: Delete the folder</td>
<td></td>
<td>17</td>
<td>com.DMS.testCases.TC_008_MyFiles@7857fe2</td></tr>
<tr>
<td title='com.DMS.testCases.TC_008_MyFiles.signDocument()'><b>signDocument</b><br>Test class: com.DMS.testCases.TC_008_MyFiles<br>Test method: Sign the document</td>
<td></td>
<td>25</td>
<td>com.DMS.testCases.TC_008_MyFiles@7857fe2</td></tr>
<tr>
<td title='com.DMS.testCases.TC_009_Projects.devMainFolderArchive()'><b>devMainFolderArchive</b><br>Test class: com.DMS.testCases.TC_009_Projects<br>Test method: Archive the folder</td>
<td></td>
<td>23</td>
<td>com.DMS.testCases.TC_009_Projects@6f15d60e</td></tr>
<tr>
<td title='com.DMS.testCases.TC_004_Profile.forgotDigiSignPassword()'><b>forgotDigiSignPassword</b><br>Test class: com.DMS.testCases.TC_004_Profile<br>Test method: Forgot digi sign password</td>
<td></td>
<td>11</td>
<td>com.DMS.testCases.TC_004_Profile@6f43c82</td></tr>
<tr>
<td title='com.DMS.testCases.TC_006_ConfigBookmarkSign.deleteDocumentType()'><b>deleteDocumentType</b><br>Test class: com.DMS.testCases.TC_006_ConfigBookmarkSign<br>Test method: Delete document type</td>
<td></td>
<td>4</td>
<td>com.DMS.testCases.TC_006_ConfigBookmarkSign@210ab13f</td></tr>
<tr>
<td title='com.DMS.testCases.TC_009_Projects.devMainFolderPermission()'><b>devMainFolderPermission</b><br>Test class: com.DMS.testCases.TC_009_Projects<br>Test method: Set permissions to the folder</td>
<td></td>
<td>27</td>
<td>com.DMS.testCases.TC_009_Projects@6f15d60e</td></tr>
<tr>
<td title='com.DMS.testCases.TC_006_ConfigBookmarkSign.deleteBookmark()'><b>deleteBookmark</b><br>Test class: com.DMS.testCases.TC_006_ConfigBookmarkSign<br>Test method: Delete book mark</td>
<td></td>
<td>8</td>
<td>com.DMS.testCases.TC_006_ConfigBookmarkSign@210ab13f</td></tr>
<tr>
<td title='com.DMS.testCases.TC_009_Projects.importRole()'><b>importRole</b><br>Test class: com.DMS.testCases.TC_009_Projects<br>Test method: Import roles to the project</td>
<td></td>
<td>15</td>
<td>com.DMS.testCases.TC_009_Projects@6f15d60e</td></tr>
<tr>
<td title='com.DMS.testCases.TC_008_MyFiles.MainFolderShare()'><b>MainFolderShare</b><br>Test class: com.DMS.testCases.TC_008_MyFiles<br>Test method: Share the folder</td>
<td></td>
<td>21</td>
<td>com.DMS.testCases.TC_008_MyFiles@7857fe2</td></tr>
<tr>
<td title='com.DMS.testCases.TC_009_Projects.devMainFolderShare()'><b>devMainFolderShare</b><br>Test class: com.DMS.testCases.TC_009_Projects<br>Test method: Share the folder</td>
<td></td>
<td>17</td>
<td>com.DMS.testCases.TC_009_Projects@6f15d60e</td></tr>
<tr>
<td title='com.DMS.testCases.TC_007_Departments.subDepartmentCreation()'><b>subDepartmentCreation</b><br>Test class: com.DMS.testCases.TC_007_Departments<br>Test method: Create sub department</td>
<td></td>
<td>11</td>
<td>com.DMS.testCases.TC_007_Departments@20b2475a</td></tr>
<tr>
<td title='com.DMS.testCases.TC_009_Projects.devUploadDocument_Save_Delete()'><b>devUploadDocument_Save_Delete</b><br>Test class: com.DMS.testCases.TC_009_Projects<br>Test method: Delete the saved form</td>
<td></td>
<td>10</td>
<td>com.DMS.testCases.TC_009_Projects@6f15d60e</td></tr>
<tr>
<td title='com.DMS.testCases.TC_013_TrainingPlan.export_MyTrainingPlan()'><b>export_MyTrainingPlan</b><br>Test class: com.DMS.testCases.TC_013_TrainingPlan<br>Test method: Export the training plan details</td>
<td></td>
<td>4</td>
<td>com.DMS.testCases.TC_013_TrainingPlan@446a1e84</td></tr>
<tr>
<td title='com.DMS.testCases.TC_006_ConfigBookmarkSign.addBookmark()'><b>addBookmark</b><br>Test class: com.DMS.testCases.TC_006_ConfigBookmarkSign<br>Test method: Add bookmark</td>
<td></td>
<td>10</td>
<td>com.DMS.testCases.TC_006_ConfigBookmarkSign@210ab13f</td></tr>
<tr>
<td title='com.DMS.testCases.TC_011_ConfigOnlineTest.configureExam()'><b>configureExam</b><br>Test class: com.DMS.testCases.TC_011_ConfigOnlineTest<br>Test method: Create test and assign users</td>
<td></td>
<td>37</td>
<td>com.DMS.testCases.TC_011_ConfigOnlineTest@29d80d2b</td></tr>
<tr>
<td title='com.DMS.testCases.TC_009_Projects.download_printDoc()'><b>download_printDoc</b><br>Test class: com.DMS.testCases.TC_009_Projects<br>Test method: Download and print the form</td>
<td></td>
<td>10</td>
<td>com.DMS.testCases.TC_009_Projects@6f15d60e</td></tr>
<tr>
<td title='com.DMS.testCases.TC_009_Projects.signDocument()'><b>signDocument</b><br>Test class: com.DMS.testCases.TC_009_Projects<br>Test method: Sign the document</td>
<td></td>
<td>23</td>
<td>com.DMS.testCases.TC_009_Projects@6f15d60e</td></tr>
<tr>
<td title='com.DMS.testCases.TC_010_DocumentApprovals.viewDocumet_Reject()'><b>viewDocumet_Reject</b><br>Test class: com.DMS.testCases.TC_010_DocumentApprovals<br>Test method: Reject the document</td>
<td></td>
<td>37</td>
<td>com.DMS.testCases.TC_010_DocumentApprovals@1be2019a</td></tr>
<tr>
<td title='com.DMS.testCases.TC_008_MyFiles.ArchiveDocument()'><b>ArchiveDocument</b><br>Test class: com.DMS.testCases.TC_008_MyFiles<br>Test method: Archive the document</td>
<td></td>
<td>16</td>
<td>com.DMS.testCases.TC_008_MyFiles@7857fe2</td></tr>
<tr>
<td title='com.DMS.testCases.TC_009_Projects.addSigners_Document()'><b>addSigners_Document</b><br>Test class: com.DMS.testCases.TC_009_Projects<br>Test method: Edit signers</td>
<td></td>
<td>12</td>
<td>com.DMS.testCases.TC_009_Projects@6f15d60e</td></tr>
<tr>
<td title='com.DMS.testCases.TC_007_Departments.MainFolder_Permission()'><b>MainFolder_Permission</b><br>Test class: com.DMS.testCases.TC_007_Departments<br>Test method: Set permissions to the folder</td>
<td></td>
<td>22</td>
<td>com.DMS.testCases.TC_007_Departments@20b2475a</td></tr>
<tr>
<td title='com.DMS.testCases.TC_011_ConfigOnlineTest.userAddition()'><b>userAddition</b><br>Test class: com.DMS.testCases.TC_011_ConfigOnlineTest<br>Test method: Assign users</td>
<td></td>
<td>19</td>
<td>com.DMS.testCases.TC_011_ConfigOnlineTest@29d80d2b</td></tr>
<tr>
<td title='com.DMS.testCases.TC_011_ConfigOnlineTest.uploadQuestion()'><b>uploadQuestion</b><br>Test class: com.DMS.testCases.TC_011_ConfigOnlineTest<br>Test method: Upload question</td>
<td></td>
<td>49</td>
<td>com.DMS.testCases.TC_011_ConfigOnlineTest@29d80d2b</td></tr>
<tr>
<td title='com.DMS.testCases.TC_009_Projects.devMainFolderShare_ExternalUser()'><b>devMainFolderShare_ExternalUser</b><br>Test class: com.DMS.testCases.TC_009_Projects<br>Test method: Share the folder tho the external user</td>
<td></td>
<td>16</td>
<td>com.DMS.testCases.TC_009_Projects@6f15d60e</td></tr>
<tr>
<td title='com.DMS.testCases.TC_009_Projects.addSignersToTheDocument()'><b>addSignersToTheDocument</b><br>Test class: com.DMS.testCases.TC_009_Projects<br>Test method: Add signers to the document</td>
<td></td>
<td>42</td>
<td>com.DMS.testCases.TC_009_Projects@6f15d60e</td></tr>
<tr>
<td title='com.DMS.testCases.TC_014_ConfigProcessTraining.assignSOP()'><b>assignSOP</b><br>Test class: com.DMS.testCases.TC_014_ConfigProcessTraining<br>Test method: Assign SOP</td>
<td></td>
<td>37</td>
<td>com.DMS.testCases.TC_014_ConfigProcessTraining@4f0f2942</td></tr>
<tr>
<td title='com.DMS.testCases.TC_009_Projects.docMainFolderCreation()'><b>docMainFolderCreation</b><br>Test class: com.DMS.testCases.TC_009_Projects<br>Test method: Main folder creation</td>
<td></td>
<td>12</td>
<td>com.DMS.testCases.TC_009_Projects@6f15d60e</td></tr>
<tr>
<td title='com.DMS.testCases.TC_008_MyFiles.MainFolderPermission()'><b>MainFolderPermission</b><br>Test class: com.DMS.testCases.TC_008_MyFiles<br>Test method: Set permissions to the folder</td>
<td></td>
<td>22</td>
<td>com.DMS.testCases.TC_008_MyFiles@7857fe2</td></tr>
<tr>
<td title='com.DMS.testCases.TC_008_MyFiles.ShareDocument()'><b>ShareDocument</b><br>Test class: com.DMS.testCases.TC_008_MyFiles<br>Test method: Share the document</td>
<td></td>
<td>17</td>
<td>com.DMS.testCases.TC_008_MyFiles@7857fe2</td></tr>
<tr>
<td title='com.DMS.testCases.TC_006_ConfigBookmarkSign.editBookmark()'><b>editBookmark</b><br>Test class: com.DMS.testCases.TC_006_ConfigBookmarkSign<br>Test method: Edit book mark</td>
<td></td>
<td>12</td>
<td>com.DMS.testCases.TC_006_ConfigBookmarkSign@210ab13f</td></tr>
<tr>
<td title='com.DMS.testCases.TC_013_TrainingPlan.addTrainingPlan_addTrainingPlan()'><b>addTrainingPlan_addTrainingPlan</b><br>Test class: com.DMS.testCases.TC_013_TrainingPlan<br>Test method: Assign training plan</td>
<td></td>
<td>30</td>
<td>com.DMS.testCases.TC_013_TrainingPlan@446a1e84</td></tr>
<tr>
<td title='com.DMS.testCases.TC_004_Profile.updatePasswordForDigiSign()'><b>updatePasswordForDigiSign</b><br>Test class: com.DMS.testCases.TC_004_Profile<br>Test method: Update digi sign password</td>
<td></td>
<td>17</td>
<td>com.DMS.testCases.TC_004_Profile@6f43c82</td></tr>
<tr>
<td title='com.DMS.testCases.TC_009_Projects.docShareDocument()'><b>docShareDocument</b><br>Test class: com.DMS.testCases.TC_009_Projects<br>Test method: Share the document</td>
<td></td>
<td>14</td>
<td>com.DMS.testCases.TC_009_Projects@6f15d60e</td></tr>
<tr>
<td title='com.DMS.testCases.TC_007_Departments.mainFolderCreation()'><b>mainFolderCreation</b><br>Test class: com.DMS.testCases.TC_007_Departments<br>Test method: Main folder creation</td>
<td></td>
<td>20</td>
<td>com.DMS.testCases.TC_007_Departments@20b2475a</td></tr>
<tr>
<td title='com.DMS.testCases.TC_007_Departments.signDocument()'><b>signDocument</b><br>Test class: com.DMS.testCases.TC_007_Departments<br>Test method: Sign document</td>
<td></td>
<td>25</td>
<td>com.DMS.testCases.TC_007_Departments@20b2475a</td></tr>
<tr>
<td title='com.DMS.testCases.TC_008_MyFiles.UploadDocument()'><b>UploadDocument</b><br>Test class: com.DMS.testCases.TC_008_MyFiles<br>Test method: Upload the document</td>
<td></td>
<td>84</td>
<td>com.DMS.testCases.TC_008_MyFiles@7857fe2</td></tr>
<tr>
<td title='com.DMS.testCases.TC_016_Dashboard.approveTrainingPlan()'><b>approveTrainingPlan</b><br>Test class: com.DMS.testCases.TC_016_Dashboard<br>Test method: Approve training plan</td>
<td></td>
<td>14</td>
<td>com.DMS.testCases.TC_016_Dashboard@5340477f</td></tr>
<tr>
<td title='com.DMS.testCases.TC_009_Projects.docUploadDocument()'><b>docUploadDocument</b><br>Test class: com.DMS.testCases.TC_009_Projects<br>Test method: Upload the document</td>
<td></td>
<td>73</td>
<td>com.DMS.testCases.TC_009_Projects@6f15d60e</td></tr>
<tr>
<td title='com.DMS.testCases.TC_015_TrainingAcknowledgement.downloadSignedDoc_Verification()'><b>downloadSignedDoc_Verification</b><br>Test class: com.DMS.testCases.TC_015_TrainingAcknowledgement<br>Test method: Download the SOP training form</td>
<td></td>
<td>17</td>
<td>com.DMS.testCases.TC_015_TrainingAcknowledgement@2657d4dd</td></tr>
<tr>
<td title='com.DMS.testCases.TC_007_Departments.MainFolder_Archive()'><b>MainFolder_Archive</b><br>Test class: com.DMS.testCases.TC_007_Departments<br>Test method: Archive the folder</td>
<td></td>
<td>29</td>
<td>com.DMS.testCases.TC_007_Departments@20b2475a</td></tr>
<tr>
<td title='com.DMS.testCases.TC_009_Projects.devUploadDocument_SubmitAndSign()'><b>devUploadDocument_SubmitAndSign</b><br>Test class: com.DMS.testCases.TC_009_Projects<br>Test method: Save and submit the form</td>
<td></td>
<td>79</td>
<td>com.DMS.testCases.TC_009_Projects@6f15d60e</td></tr>
<tr>
<td title='com.DMS.testCases.TC_001_loginTest_Positive.loginWithValidCredentials()'><b>loginWithValidCredentials</b><br>Test class: com.DMS.testCases.TC_001_loginTest_Positive<br>Test method: Login with valid credentials</td>
<td></td>
<td>9</td>
<td>com.DMS.testCases.TC_001_loginTest_Positive@5a5a729f</td></tr>
<tr>
<td title='com.DMS.testCases.TC_009_Projects.addNewVersion1()'><b>addNewVersion1</b><br>Test class: com.DMS.testCases.TC_009_Projects<br>Test method: Add new version</td>
<td></td>
<td>54</td>
<td>com.DMS.testCases.TC_009_Projects@6f15d60e</td></tr>
<tr>
<td title='com.DMS.testCases.TC_009_Projects.addNewVersion_Doc()'><b>addNewVersion_Doc</b><br>Test class: com.DMS.testCases.TC_009_Projects<br>Test method: Add new version</td>
<td></td>
<td>37</td>
<td>com.DMS.testCases.TC_009_Projects@6f15d60e</td></tr>
<tr>
<td title='com.DMS.testCases.TC_002_loginTest_Negative.loginWithInvalidCredentials()'><b>loginWithInvalidCredentials</b><br>Test class: com.DMS.testCases.TC_002_loginTest_Negative<br>Test method: Login with invalid credentials</td>
<td></td>
<td>1</td>
<td>com.DMS.testCases.TC_002_loginTest_Negative@1b1cfb87</td></tr>
<tr>
<td title='com.DMS.testCases.TC_008_MyFiles.PermissionDocument()'><b>PermissionDocument</b><br>Test class: com.DMS.testCases.TC_008_MyFiles<br>Test method: Add permissions to the document</td>
<td></td>
<td>17</td>
<td>com.DMS.testCases.TC_008_MyFiles@7857fe2</td></tr>
<tr>
<td title='com.DMS.testCases.TC_009_Projects.devUploadDocument_Save()'><b>devUploadDocument_Save</b><br>Test class: com.DMS.testCases.TC_009_Projects<br>Test method: Save the form</td>
<td></td>
<td>52</td>
<td>com.DMS.testCases.TC_009_Projects@6f15d60e</td></tr>
<tr>
<td title='com.DMS.testCases.TC_009_Projects.createProject()'><b>createProject</b><br>Test class: com.DMS.testCases.TC_009_Projects<br>Test method: Create the project</td>
<td></td>
<td>14</td>
<td>com.DMS.testCases.TC_009_Projects@6f15d60e</td></tr>
</table><p>
</body>
</html>