<?xml version="1.0" encoding="UTF-8"?>
<!-- Generated by org.testng.reporters.JUnitXMLReporter -->
<testsuite ignored="22" hostname="DESKTOP-2ODO8DJ" failures="3" tests="104" name="DMS App Test" time="2547.588" errors="0" timestamp="2024-01-07T19:12:20 IST">
  <testcase classname="com.DMS.testCases.TC_001_loginTest_Positive" name="loginWithValidCredentials" time="9.02"/>
  <testcase classname="com.DMS.testCases.TC_002_loginTest_Negative" name="loginWithInvalidCredentials" time="1.077"/>
  <testcase classname="com.DMS.testCases.TC_003_ForgotPassword" name="forgotPassword" time="9.934"/>
  <testcase classname="com.DMS.testCases.TC_004_Profile" name="changePassword_DMS_Account" time="20.023"/>
  <testcase classname="com.DMS.testCases.TC_004_Profile" name="createDigiSign" time="22.486"/>
  <testcase classname="com.DMS.testCases.TC_004_Profile" name="updatePasswordForDigiSign" time="17.597"/>
  <testcase classname="com.DMS.testCases.TC_004_Profile" name="forgotDigiSignPassword" time="11.093"/>
  <testcase classname="com.DMS.testCases.TC_005_Users" name="usersPage" time="36.107"/>
  <testcase classname="com.DMS.testCases.TC_005_Users" name="delete" time="10.859"/>
  <testcase classname="com.DMS.testCases.TC_006_ConfigBookmarkSign" name="createDocumentType" time="15.2"/>
  <testcase classname="com.DMS.testCases.TC_006_ConfigBookmarkSign" name="editDocumentType" time="19.63"/>
  <testcase classname="com.DMS.testCases.TC_006_ConfigBookmarkSign" name="addBookmark" time="10.855"/>
  <testcase classname="com.DMS.testCases.TC_006_ConfigBookmarkSign" name="editBookmark" time="12.717"/>
  <testcase classname="com.DMS.testCases.TC_006_ConfigBookmarkSign" name="deleteBookmark" time="8.355"/>
  <testcase classname="com.DMS.testCases.TC_006_ConfigBookmarkSign" name="deleteDocumentType" time="4.402"/>
  <testcase classname="com.DMS.testCases.TC_007_Departments" name="mainDepartmentCreation" time="20.985"/>
  <testcase classname="com.DMS.testCases.TC_007_Departments" name="subDepartmentCreation" time="11.747"/>
  <testcase classname="com.DMS.testCases.TC_007_Departments" name="mainFolderCreation" time="20.176"/>
  <testcase classname="com.DMS.testCases.TC_007_Departments" name="MainFolder_Permission" time="22.261"/>
  <testcase classname="com.DMS.testCases.TC_007_Departments" name="MainFolder_Share" time="21.247"/>
  <testcase classname="com.DMS.testCases.TC_007_Departments" name="MainFolder_Delete" time="17.812"/>
  <testcase classname="com.DMS.testCases.TC_007_Departments" name="MainFolder_Archive" time="29.266"/>
  <testcase classname="com.DMS.testCases.TC_007_Departments" name="UploadDocument" time="95.73"/>
  <testcase classname="com.DMS.testCases.TC_007_Departments" name="document_Permission" time="17.317"/>
  <testcase classname="com.DMS.testCases.TC_007_Departments" name="document_Share" time="17.18"/>
  <testcase classname="com.DMS.testCases.TC_007_Departments" name="document_Delete" time="12.582"/>
  <testcase classname="com.DMS.testCases.TC_007_Departments" name="document_Archive" time="12.647"/>
  <testcase classname="com.DMS.testCases.TC_007_Departments" name="addSignersToTheDocument" time="39.935"/>
  <testcase classname="com.DMS.testCases.TC_007_Departments" name="signersEdit" time="16.654"/>
  <testcase classname="com.DMS.testCases.TC_007_Departments" name="signDocument" time="25.017"/>
  <testcase classname="com.DMS.testCases.TC_007_Departments" name="setApprover_Document" time="13.131"/>
  <testcase classname="com.DMS.testCases.TC_007_Departments" name="addNewVersion_Doc" time="39.436"/>
  <testcase classname="com.DMS.testCases.TC_008_MyFiles" name="mainFolderCreation" time="17.88"/>
  <testcase classname="com.DMS.testCases.TC_008_MyFiles" name="MainFolderPermission" time="22.292"/>
  <testcase classname="com.DMS.testCases.TC_008_MyFiles" name="MainFolderShare" time="21.267"/>
  <testcase classname="com.DMS.testCases.TC_008_MyFiles" name="MainFolderDelete" time="17.731"/>
  <testcase classname="com.DMS.testCases.TC_008_MyFiles" name="MainFolderArchive" time="29.452"/>
  <testcase classname="com.DMS.testCases.TC_008_MyFiles" name="UploadDocument" time="84.701"/>
  <testcase classname="com.DMS.testCases.TC_008_MyFiles" name="PermissionDocument" time="17.18"/>
  <testcase classname="com.DMS.testCases.TC_008_MyFiles" name="ShareDocument" time="17.001"/>
  <testcase classname="com.DMS.testCases.TC_008_MyFiles" name="DeleteDocument" time="12.476"/>
  <testcase classname="com.DMS.testCases.TC_008_MyFiles" name="ArchiveDocument" time="16.521"/>
  <testcase classname="com.DMS.testCases.TC_008_MyFiles" name="addSignersToTheDocument" time="38.118"/>
  <testcase classname="com.DMS.testCases.TC_008_MyFiles" name="editSigners_Document" time="16.155"/>
  <testcase classname="com.DMS.testCases.TC_008_MyFiles" name="signDocument" time="25.037"/>
  <testcase classname="com.DMS.testCases.TC_008_MyFiles" name="setApprover_Document" time="13.008"/>
  <testcase classname="com.DMS.testCases.TC_008_MyFiles" name="addNewVersion" time="37.414"/>
  <testcase classname="com.DMS.testCases.TC_009_Projects" name="createProject" time="14.108"/>
  <testcase classname="com.DMS.testCases.TC_009_Projects" name="importRole" time="15.285"/>
  <testcase classname="com.DMS.testCases.TC_009_Projects" name="addProjectRole" time="11.02"/>
  <testcase classname="com.DMS.testCases.TC_009_Projects" name="createUser" time="20.118"/>
  <testcase classname="com.DMS.testCases.TC_009_Projects" name="docMainFolderCreation" time="12.835"/>
  <testcase classname="com.DMS.testCases.TC_009_Projects" name="docMainFolderPermission" time="20.249"/>
  <testcase classname="com.DMS.testCases.TC_009_Projects" name="docMainFolderShare" time="17.215"/>
  <testcase classname="com.DMS.testCases.TC_009_Projects" name="docMainFolderShare_ExternalUser" time="13.949"/>
  <testcase classname="com.DMS.testCases.TC_009_Projects" name="docMainFolderDelete" time="14.695"/>
  <testcase classname="com.DMS.testCases.TC_009_Projects" name="docMainFolderArchive" time="23.396"/>
  <testcase classname="com.DMS.testCases.TC_009_Projects" name="docUploadDocument" time="73.612"/>
  <testcase classname="com.DMS.testCases.TC_009_Projects" name="docPermissionDocument" time="14.201"/>
  <testcase classname="com.DMS.testCases.TC_009_Projects" name="docShareDocument" time="14.156"/>
  <testcase classname="com.DMS.testCases.TC_009_Projects" name="docDeletDocument" time="11.495"/>
  <testcase classname="com.DMS.testCases.TC_009_Projects" name="docArchiveDocument" time="16.882"/>
  <testcase classname="com.DMS.testCases.TC_009_Projects" name="addSignersToTheDocument" time="42.156"/>
  <testcase classname="com.DMS.testCases.TC_009_Projects" name="addSigners_Document" time="12.304"/>
  <testcase classname="com.DMS.testCases.TC_009_Projects" name="signDocument" time="23.565"/>
  <testcase classname="com.DMS.testCases.TC_009_Projects" name="approvalDoc" time="12.093"/>
  <testcase classname="com.DMS.testCases.TC_009_Projects" name="addNewVersion_Doc" time="37.404"/>
  <testcase classname="com.DMS.testCases.TC_009_Projects" name="devMainFolderCreation" time="19.537"/>
  <testcase classname="com.DMS.testCases.TC_009_Projects" name="devMainFolderPermission" time="27.215"/>
  <testcase classname="com.DMS.testCases.TC_009_Projects" name="devMainFolderShare" time="17.235"/>
  <testcase classname="com.DMS.testCases.TC_009_Projects" name="devMainFolderShare_ExternalUser" time="16.017"/>
  <testcase classname="com.DMS.testCases.TC_009_Projects" name="devMainFolderDelete" time="14.752"/>
  <testcase classname="com.DMS.testCases.TC_009_Projects" name="devMainFolderArchive" time="23.259"/>
  <testcase classname="com.DMS.testCases.TC_009_Projects" name="devUploadDocument_SubmitAndSign" time="79.498"/>
  <testcase classname="com.DMS.testCases.TC_009_Projects" name="viewDocument" time="4.516"/>
  <testcase classname="com.DMS.testCases.TC_009_Projects" name="addNewVersion1" time="54.561"/>
  <testcase classname="com.DMS.testCases.TC_009_Projects" name="download_printDoc" time="10.692"/>
  <testcase classname="com.DMS.testCases.TC_009_Projects" name="devUploadDocument_Save" time="52.011"/>
  <testcase classname="com.DMS.testCases.TC_009_Projects" name="devUploadDocument_Save_Delete" time="10.644"/>
  <testcase classname="com.DMS.testCases.TC_010_DocumentApprovals" name="viewDocumet_Approval" time="49.395"/>
  <testcase classname="com.DMS.testCases.TC_010_DocumentApprovals" name="viewDocumet_Reject" time="37.361"/>
  <testcase classname="com.DMS.testCases.TC_011_ConfigOnlineTest" name="configureExam" time="37.272"/>
  <testcase classname="com.DMS.testCases.TC_011_ConfigOnlineTest" name="userAddition" time="19.268"/>
  <testcase classname="com.DMS.testCases.TC_011_ConfigOnlineTest" name="createQuestion" time="78.132"/>
  <testcase classname="com.DMS.testCases.TC_011_ConfigOnlineTest" name="uploadQuestion" time="49.691"/>
  <testcase classname="com.DMS.testCases.TC_011_ConfigOnlineTest" name="viewTest" time="17.196"/>
  <testcase classname="com.DMS.testCases.TC_012_TestResult" name="downloadTest" time="17.611"/>
  <testcase classname="com.DMS.testCases.TC_012_TestResult" name="signTest_Initiator" time="28.539"/>
  <testcase classname="com.DMS.testCases.TC_012_TestResult" name="sign_test_Supervisor" time="32.754"/>
  <testcase classname="com.DMS.testCases.TC_012_TestResult" name="submitExam" time="19.803"/>
  <testcase classname="com.DMS.testCases.TC_013_TrainingPlan" name="addTrainingPlan_MyTrainingPlan" time="30.718"/>
  <testcase classname="com.DMS.testCases.TC_013_TrainingPlan" name="export_MyTrainingPlan" time="4.141"/>
  <testcase classname="com.DMS.testCases.TC_013_TrainingPlan" name="sign_TrainingPlanForApproval" time="34.237"/>
  <testcase classname="com.DMS.testCases.TC_013_TrainingPlan" name="addTrainingPlan_addTrainingPlan" time="30.674"/>
  <testcase classname="com.DMS.testCases.TC_014_ConfigProcessTraining" name="assignSOP" time="37.035"/>
  <testcase classname="com.DMS.testCases.TC_015_TrainingAcknowledgement" name="sign_MyTraining" time="32.884"/>
  <testcase classname="com.DMS.testCases.TC_015_TrainingAcknowledgement" name="view_download_MyTraining" time="6.92"/>
  <testcase classname="com.DMS.testCases.TC_015_TrainingAcknowledgement" name="sign_Verification" time="29.309"/>
  <testcase classname="com.DMS.testCases.TC_015_TrainingAcknowledgement" name="downloadSignedDoc_Verification" time="17.71"/>
  <testcase classname="com.DMS.testCases.TC_015_TrainingAcknowledgement" name="assignTraining" time="8.645"/>
  <testcase classname="com.DMS.testCases.TC_016_Dashboard" name="approveTrainingPlan" time="14.644"/>
  <testcase classname="com.DMS.testCases.TC_016_Dashboard" name="signDocument" time="49.381">
    <failure type="org.openqa.selenium.NoSuchElementException" message="Unable to find element with locator By.xpath: //body[1]/div[1]/div[1]/div[1]/div[1]/div[1]/div[3]/div[1]/div[1]/div[1]/div[1]/div[3]/div[1]/img[1]
For documentation on this error, please visit: https://www.selenium.dev/documentation/webdriver/troubleshooting/errors#no-such-element-exception
Build info: version: &amp;apos;4.13.0&amp;apos;, revision: &amp;apos;ba948ece5b*&amp;apos;
System info: os.name: &amp;apos;Windows 10&amp;apos;, os.arch: &amp;apos;amd64&amp;apos;, os.version: &amp;apos;10.0&amp;apos;, java.version: &amp;apos;17.0.6&amp;apos;
Driver info: driver.version: RemoteWebDriver">
      <![CDATA[org.openqa.selenium.NoSuchElementException: Unable to find element with locator By.xpath: //body[1]/div[1]/div[1]/div[1]/div[1]/div[1]/div[3]/div[1]/div[1]/div[1]/div[1]/div[3]/div[1]/img[1]
For documentation on this error, please visit: https://www.selenium.dev/documentation/webdriver/troubleshooting/errors#no-such-element-exception
Build info: version: '4.13.0', revision: 'ba948ece5b*'
System info: os.name: 'Windows 10', os.arch: 'amd64', os.version: '10.0', java.version: '17.0.6'
Driver info: driver.version: RemoteWebDriver
at org.openqa.selenium.remote.ElementLocation$ElementFinder$2.findElement(ElementLocation.java:168)
at org.openqa.selenium.remote.ElementLocation.findElement(ElementLocation.java:59)
at org.openqa.selenium.remote.RemoteWebDriver.findElement(RemoteWebDriver.java:359)
at org.openqa.selenium.remote.RemoteWebDriver.findElement(RemoteWebDriver.java:353)
at org.openqa.selenium.support.pagefactory.DefaultElementLocator.findElement(DefaultElementLocator.java:68)
at org.openqa.selenium.support.pagefactory.internal.LocatingElementHandler.invoke(LocatingElementHandler.java:38)
at jdk.proxy2/jdk.proxy2.$Proxy21.click(Unknown Source)
at com.DMS.pageObjects.Dashboard.signDocument(Dashboard.java:249)
at com.DMS.testCases.TC_016_Dashboard.signDocument(TC_016_Dashboard.java:27)
at java.base/java.util.ArrayList.forEach(ArrayList.java:1511)
... Removed 27 stack frames]]>
    </failure>
  </testcase> <!-- signDocument -->
  <testcase classname="com.DMS.testCases.TC_016_Dashboard" name="signProcessTrainingAcknowledgement" time="2.154">
    <failure type="org.openqa.selenium.UnhandledAlertException" message="unexpected alert open: {Alert text : The document you are trying to access is currently archived!}
  (Session info: chrome=120.0.6099.199): The document you are trying to access is currently archived!
Build info: version: &amp;apos;4.13.0&amp;apos;, revision: &amp;apos;ba948ece5b*&amp;apos;
System info: os.name: &amp;apos;Windows 10&amp;apos;, os.arch: &amp;apos;amd64&amp;apos;, os.version: &amp;apos;10.0&amp;apos;, java.version: &amp;apos;17.0.6&amp;apos;
Driver info: org.openqa.selenium.chrome.ChromeDriver
Command: [9317d290472a4f5f881170e5207e938f, executeScript {script=window.scrollBy(0,300), args=[]}]
Capabilities {acceptInsecureCerts: false, browserName: chrome, browserVersion: 120.0.6099.199, chrome: {chromedriverVersion: 120.0.6099.109 (3419140ab66..., userDataDir: C:\Users\lenovo\AppData\Loc...}, fedcm:accounts: true, goog:chromeOptions: {debuggerAddress: localhost:56274}, networkConnectionEnabled: false, pageLoadStrategy: normal, platformName: windows, proxy: Proxy(), se:cdp: ws://localhost:56274/devtoo..., se:cdpVersion: 120.0.6099.199, setWindowRect: true, strictFileInteractability: false, timeouts: {implicit: 0, pageLoad: 300000, script: 30000}, unhandledPromptBehavior: dismiss and notify, webauthn:extension:credBlob: true, webauthn:extension:largeBlob: true, webauthn:extension:minPinLength: true, webauthn:extension:prf: true, webauthn:virtualAuthenticators: true}
Session ID: 9317d290472a4f5f881170e5207e938f">
      <![CDATA[org.openqa.selenium.UnhandledAlertException: unexpected alert open: {Alert text : The document you are trying to access is currently archived!}
  (Session info: chrome=120.0.6099.199): The document you are trying to access is currently archived!
Build info: version: '4.13.0', revision: 'ba948ece5b*'
System info: os.name: 'Windows 10', os.arch: 'amd64', os.version: '10.0', java.version: '17.0.6'
Driver info: org.openqa.selenium.chrome.ChromeDriver
Command: [9317d290472a4f5f881170e5207e938f, executeScript {script=window.scrollBy(0,300), args=[]}]
Capabilities {acceptInsecureCerts: false, browserName: chrome, browserVersion: 120.0.6099.199, chrome: {chromedriverVersion: 120.0.6099.109 (3419140ab66..., userDataDir: C:\Users\lenovo\AppData\Loc...}, fedcm:accounts: true, goog:chromeOptions: {debuggerAddress: localhost:56274}, networkConnectionEnabled: false, pageLoadStrategy: normal, platformName: windows, proxy: Proxy(), se:cdp: ws://localhost:56274/devtoo..., se:cdpVersion: 120.0.6099.199, setWindowRect: true, strictFileInteractability: false, timeouts: {implicit: 0, pageLoad: 300000, script: 30000}, unhandledPromptBehavior: dismiss and notify, webauthn:extension:credBlob: true, webauthn:extension:largeBlob: true, webauthn:extension:minPinLength: true, webauthn:extension:prf: true, webauthn:virtualAuthenticators: true}
Session ID: 9317d290472a4f5f881170e5207e938f
at org.openqa.selenium.remote.codec.w3c.W3CHttpResponseCodec.decode(W3CHttpResponseCodec.java:131)
at org.openqa.selenium.remote.codec.w3c.W3CHttpResponseCodec.decode(W3CHttpResponseCodec.java:52)
at org.openqa.selenium.remote.HttpCommandExecutor.execute(HttpCommandExecutor.java:191)
at org.openqa.selenium.remote.service.DriverCommandExecutor.invokeExecute(DriverCommandExecutor.java:196)
at org.openqa.selenium.remote.service.DriverCommandExecutor.execute(DriverCommandExecutor.java:171)
at org.openqa.selenium.remote.RemoteWebDriver.execute(RemoteWebDriver.java:602)
at org.openqa.selenium.remote.RemoteWebDriver.executeScript(RemoteWebDriver.java:467)
at com.DMS.pageObjects.Dashboard.signProcessTrainingAcknowledgement(Dashboard.java:138)
at com.DMS.testCases.TC_016_Dashboard.signProcessTrainingAcknowledgement(TC_016_Dashboard.java:36)
at java.base/java.util.ArrayList.forEach(ArrayList.java:1511)
... Removed 27 stack frames]]>
    </failure>
  </testcase> <!-- signProcessTrainingAcknowledgement -->
  <testcase classname="com.DMS.testCases.TC_016_Dashboard" name="signOnlineTestReport" time="3.17">
    <failure type="org.openqa.selenium.ElementClickInterceptedException" message="element click intercepted: Element is not clickable at point (1244, 635)
  (Session info: chrome=120.0.6099.199)
Build info: version: &amp;apos;4.13.0&amp;apos;, revision: &amp;apos;ba948ece5b*&amp;apos;
System info: os.name: &amp;apos;Windows 10&amp;apos;, os.arch: &amp;apos;amd64&amp;apos;, os.version: &amp;apos;10.0&amp;apos;, java.version: &amp;apos;17.0.6&amp;apos;
Driver info: org.openqa.selenium.chrome.ChromeDriver
Command: [9317d290472a4f5f881170e5207e938f, clickElement {id=7F49644A80A9EF80D50E146DA7B260F3_element_5785}]
Capabilities {acceptInsecureCerts: false, browserName: chrome, browserVersion: 120.0.6099.199, chrome: {chromedriverVersion: 120.0.6099.109 (3419140ab66..., userDataDir: C:\Users\lenovo\AppData\Loc...}, fedcm:accounts: true, goog:chromeOptions: {debuggerAddress: localhost:56274}, networkConnectionEnabled: false, pageLoadStrategy: normal, platformName: windows, proxy: Proxy(), se:cdp: ws://localhost:56274/devtoo..., se:cdpVersion: 120.0.6099.199, setWindowRect: true, strictFileInteractability: false, timeouts: {implicit: 0, pageLoad: 300000, script: 30000}, unhandledPromptBehavior: dismiss and notify, webauthn:extension:credBlob: true, webauthn:extension:largeBlob: true, webauthn:extension:minPinLength: true, webauthn:extension:prf: true, webauthn:virtualAuthenticators: true}
Element: [[ChromeDriver: chrome on windows (9317d290472a4f5f881170e5207e938f)] -&amp;gt; xpath: //body[1]/div[1]/div[1]/div[1]/div[1]/div[1]/div[3]/div[1]/div[1]/div[4]/div[1]/div[2]/div[1]/table[1]/tbody[1]/tr[1]/td[3]/i[1]]
Session ID: 9317d290472a4f5f881170e5207e938f">
      <![CDATA[org.openqa.selenium.ElementClickInterceptedException: element click intercepted: Element is not clickable at point (1244, 635)
  (Session info: chrome=120.0.6099.199)
Build info: version: '4.13.0', revision: 'ba948ece5b*'
System info: os.name: 'Windows 10', os.arch: 'amd64', os.version: '10.0', java.version: '17.0.6'
Driver info: org.openqa.selenium.chrome.ChromeDriver
Command: [9317d290472a4f5f881170e5207e938f, clickElement {id=7F49644A80A9EF80D50E146DA7B260F3_element_5785}]
Capabilities {acceptInsecureCerts: false, browserName: chrome, browserVersion: 120.0.6099.199, chrome: {chromedriverVersion: 120.0.6099.109 (3419140ab66..., userDataDir: C:\Users\lenovo\AppData\Loc...}, fedcm:accounts: true, goog:chromeOptions: {debuggerAddress: localhost:56274}, networkConnectionEnabled: false, pageLoadStrategy: normal, platformName: windows, proxy: Proxy(), se:cdp: ws://localhost:56274/devtoo..., se:cdpVersion: 120.0.6099.199, setWindowRect: true, strictFileInteractability: false, timeouts: {implicit: 0, pageLoad: 300000, script: 30000}, unhandledPromptBehavior: dismiss and notify, webauthn:extension:credBlob: true, webauthn:extension:largeBlob: true, webauthn:extension:minPinLength: true, webauthn:extension:prf: true, webauthn:virtualAuthenticators: true}
Element: [[ChromeDriver: chrome on windows (9317d290472a4f5f881170e5207e938f)] -> xpath: //body[1]/div[1]/div[1]/div[1]/div[1]/div[1]/div[3]/div[1]/div[1]/div[4]/div[1]/div[2]/div[1]/table[1]/tbody[1]/tr[1]/td[3]/i[1]]
Session ID: 9317d290472a4f5f881170e5207e938f
at org.openqa.selenium.remote.codec.w3c.W3CHttpResponseCodec.createException(W3CHttpResponseCodec.java:200)
at org.openqa.selenium.remote.codec.w3c.W3CHttpResponseCodec.decode(W3CHttpResponseCodec.java:133)
at org.openqa.selenium.remote.codec.w3c.W3CHttpResponseCodec.decode(W3CHttpResponseCodec.java:52)
at org.openqa.selenium.remote.HttpCommandExecutor.execute(HttpCommandExecutor.java:191)
at org.openqa.selenium.remote.service.DriverCommandExecutor.invokeExecute(DriverCommandExecutor.java:196)
at org.openqa.selenium.remote.service.DriverCommandExecutor.execute(DriverCommandExecutor.java:171)
at org.openqa.selenium.remote.RemoteWebDriver.execute(RemoteWebDriver.java:602)
at org.openqa.selenium.remote.RemoteWebElement.execute(RemoteWebElement.java:224)
at org.openqa.selenium.remote.RemoteWebElement.click(RemoteWebElement.java:77)
at org.openqa.selenium.support.pagefactory.internal.LocatingElementHandler.invoke(LocatingElementHandler.java:51)
at jdk.proxy2/jdk.proxy2.$Proxy21.click(Unknown Source)
at com.DMS.pageObjects.Dashboard.signOnlineTestReport(Dashboard.java:103)
at com.DMS.testCases.TC_016_Dashboard.signOnlineTestReport(TC_016_Dashboard.java:45)
at java.base/java.util.ArrayList.forEach(ArrayList.java:1511)
... Removed 35 stack frames]]>
    </failure>
  </testcase> <!-- signOnlineTestReport -->
  <testcase classname="Base.BaseClassTest" name="@BeforeTest setup" time="0.0">
    <ignored/>
  </testcase> <!-- @BeforeTest setup -->
  <testcase classname="Base.BaseClassTest" name="@AfterTest tearDown" time="0.0">
    <ignored/>
  </testcase> <!-- @AfterTest tearDown -->
  <testcase classname="Base.BaseClassTest" name="@AfterTest tearDown" time="0.0">
    <ignored/>
  </testcase> <!-- @AfterTest tearDown -->
  <testcase classname="Base.BaseClassTest" name="@AfterTest tearDown" time="0.0">
    <ignored/>
  </testcase> <!-- @AfterTest tearDown -->
  <testcase classname="Base.BaseClassTest" name="@BeforeTest setup" time="0.0">
    <ignored/>
  </testcase> <!-- @BeforeTest setup -->
  <testcase classname="Base.BaseClassTest" name="@BeforeTest setup" time="0.0">
    <ignored/>
  </testcase> <!-- @BeforeTest setup -->
  <testcase classname="Base.BaseClassTest" name="@BeforeTest setup" time="0.0">
    <ignored/>
  </testcase> <!-- @BeforeTest setup -->
  <testcase classname="Base.BaseClassTest" name="@BeforeTest setup" time="0.0">
    <ignored/>
  </testcase> <!-- @BeforeTest setup -->
  <testcase classname="Base.BaseClassTest" name="@BeforeTest setup" time="0.0">
    <ignored/>
  </testcase> <!-- @BeforeTest setup -->
  <testcase classname="Base.BaseClassTest" name="@AfterTest tearDown" time="0.0">
    <ignored/>
  </testcase> <!-- @AfterTest tearDown -->
  <testcase classname="Base.BaseClassTest" name="@AfterTest tearDown" time="0.0">
    <ignored/>
  </testcase> <!-- @AfterTest tearDown -->
  <testcase classname="Base.BaseClassTest" name="@AfterTest tearDown" time="0.0">
    <ignored/>
  </testcase> <!-- @AfterTest tearDown -->
  <testcase classname="Base.BaseClassTest" name="@AfterTest tearDown" time="0.0">
    <ignored/>
  </testcase> <!-- @AfterTest tearDown -->
  <testcase classname="Base.BaseClassTest" name="@AfterTest tearDown" time="0.0">
    <ignored/>
  </testcase> <!-- @AfterTest tearDown -->
  <testcase classname="Base.BaseClassTest" name="@BeforeTest setup" time="0.0">
    <ignored/>
  </testcase> <!-- @BeforeTest setup -->
  <testcase classname="Base.BaseClassTest" name="@AfterTest tearDown" time="0.0">
    <ignored/>
  </testcase> <!-- @AfterTest tearDown -->
  <testcase classname="Base.BaseClassTest" name="@BeforeTest setup" time="0.0">
    <ignored/>
  </testcase> <!-- @BeforeTest setup -->
  <testcase classname="Base.BaseClassTest" name="@BeforeTest setup" time="0.0">
    <ignored/>
  </testcase> <!-- @BeforeTest setup -->
  <testcase classname="Base.BaseClassTest" name="@BeforeTest setup" time="0.0">
    <ignored/>
  </testcase> <!-- @BeforeTest setup -->
  <testcase classname="Base.BaseClassTest" name="@AfterTest tearDown" time="0.0">
    <ignored/>
  </testcase> <!-- @AfterTest tearDown -->
  <testcase classname="Base.BaseClassTest" name="@BeforeTest setup" time="0.0">
    <ignored/>
  </testcase> <!-- @BeforeTest setup -->
  <testcase classname="Base.BaseClassTest" name="@AfterTest tearDown" time="0.0">
    <ignored/>
  </testcase> <!-- @AfterTest tearDown -->
</testsuite> <!-- DMS App Test -->
